#
# A fatal error has been detected by the Java Runtime Environment:
#
#  EXCEPTION_ACCESS_VIOLATION (0xc0000005) at pc=0x00007ff83cf1e0a9, pid=11768, tid=7524
#
# JRE version: OpenJDK Runtime Environment Microsoft-8297089 (17.0.8.1+1) (build 17.0.8.1+1-LTS)
# Java VM: OpenJDK 64-Bit Server VM Microsoft-8297089 (17.0.8.1+1-LTS, mixed mode, sharing, tiered, compressed oops, compressed class ptrs, g1 gc, windows-amd64)
# Problematic frame:
# V  [jvm.dll+0x2be0a9]
#
# No core dump will be written. Minidumps are not enabled by default on client versions of Windows
#
# If you would like to submit a bug report, please visit:
#   https://github.com/microsoft/openjdk/issues
#

---------------  S U M M A R Y ------------

Command Line: -XX:MaxMetaspaceSize=512m --add-opens=java.base/java.util=ALL-UNNAMED --add-opens=java.base/java.lang=ALL-UNNAMED --add-opens=java.base/java.lang.invoke=ALL-UNNAMED --add-opens=java.prefs/java.util.prefs=ALL-UNNAMED --add-opens=java.base/java.nio.charset=ALL-UNNAMED --add-opens=java.base/java.net=ALL-UNNAMED --add-opens=java.base/java.util.concurrent.atomic=ALL-UNNAMED -Xmx2048m -Dfile.encoding=windows-1252 -Duser.country=ID -Duser.language=en -Duser.variant org.gradle.launcher.daemon.bootstrap.GradleDaemon 8.0.1

Host: Intel(R) Core(TM) i5-2520M CPU @ 2.50GHz, 4 cores, 7G,  Windows 10 , 64 bit Build 19041 (10.0.19041.3031)
Time: Tue Dec 26 21:15:31 2023 Pacific Standard Time elapsed time: 49.461675 seconds (0d 0h 0m 49s)

---------------  T H R E A D  ---------------

Current thread (0x000002bb02153df0):  JavaThread "C2 CompilerThread1" daemon [_thread_in_native, id=7524, stack(0x000000e2d7500000,0x000000e2d7600000)]


Current CompileTask:
C2:  49461 14468       4       org.gradle.cache.internal.AsyncCacheAccessDecoratedCache$$Lambda$466/0x000002bb6043fcc0::create (12 bytes)

Stack: [0x000000e2d7500000,0x000000e2d7600000],  sp=0x000000e2d75fb890,  free space=1006k
Native frames: (J=compiled Java code, j=interpreted, Vv=VM code, C=native code)
V  [jvm.dll+0x2be0a9]
V  [jvm.dll+0x21ba8b]
V  [jvm.dll+0x21944b]
V  [jvm.dll+0x1a56b6]
V  [jvm.dll+0x2291ea]
V  [jvm.dll+0x22724c]
V  [jvm.dll+0x7efd0c]
V  [jvm.dll+0x7ea13a]
V  [jvm.dll+0x67ad85]
C  [ucrtbase.dll+0x21bb2]
C  [KERNEL32.DLL+0x17614]
C  [ntdll.dll+0x526f1]


siginfo: EXCEPTION_ACCESS_VIOLATION (0xc0000005), reading address 0x0000000000000028


Register to memory mapping:

RIP=0x00007ff83cf1e0a9 jvm.dll
RAX=0x000002bb04b90070 points into unknown readable memory: 0x0000000000000000 | 00 00 00 00 00 00 00 00
RBX=0x0000000000001790 is an unknown value
RCX=0x000002bb04ba0070 points into unknown readable memory: 0x73726573555c3a43 | 43 3a 5c 55 73 65 72 73
RDX=0x0 is NULL
RSP=0x000000e2d75fb890 is pointing into the stack for thread: 0x000002bb02153df0
RBP=0x000000e2d75fb900 is pointing into the stack for thread: 0x000002bb02153df0
RSI=0x0 is NULL
RDI=0x0000000000000048 is an unknown value
R8 =0x0 is NULL
R9 =0x0 is NULL
R10=0x00007ff86cf70000 VCRUNTIME140.dll
R11=0x000002bb04b90090 points into unknown readable memory: 0x0000000000000000 | 00 00 00 00 00 00 00 00
R12=0x0000000000000050 is an unknown value
R13=0x0 is NULL
R14=0x0 is NULL
R15=0x000000e2d75feab0 is pointing into the stack for thread: 0x000002bb02153df0


Registers:
RAX=0x000002bb04b90070, RBX=0x0000000000001790, RCX=0x000002bb04ba0070, RDX=0x0000000000000000
RSP=0x000000e2d75fb890, RBP=0x000000e2d75fb900, RSI=0x0000000000000000, RDI=0x0000000000000048
R8 =0x0000000000000000, R9 =0x0000000000000000, R10=0x00007ff86cf70000, R11=0x000002bb04b90090
R12=0x0000000000000050, R13=0x0000000000000000, R14=0x0000000000000000, R15=0x000000e2d75feab0
RIP=0x00007ff83cf1e0a9, EFLAGS=0x0000000000010246

Top of Stack: (sp=0x000000e2d75fb890)
0x000000e2d75fb890:   0000000000001790 0000000000000000
0x000000e2d75fb8a0:   000000e2d75feab0 00007ff83ce838d1
0x000000e2d75fb8b0:   000002bb035b8f30 00007ff800002000
0x000000e2d75fb8c0:   000002bb04b90070 0000000000000000
0x000000e2d75fb8d0:   0000000000000002 000002bb02b136d0
0x000000e2d75fb8e0:   0000000000000002 000002bb035b8f30
0x000000e2d75fb8f0:   0000000000000000 0000000000000000
0x000000e2d75fb900:   000002bb02734620 000002bb3e8a36c0
0x000000e2d75fb910:   0000000000000048 00007ff83d5a4c08
0x000000e2d75fb920:   000000e2d75fba30 00007ff83ce7ba8b
0x000000e2d75fb930:   000000e2d75feab0 00007ff83d5a4c08
0x000000e2d75fb940:   000000e2d75feab0 000000e2d75fba30
0x000000e2d75fb950:   000000e200000000 000000e2d75ff610
0x000000e2d75fb960:   000000e20000000f 000000e2d75feab0
0x000000e2d75fb970:   000000e2d75fbae0 000002bb00000000
0x000000e2d75fb980:   000002bb00000100 00007ff83d5a4c08 

Instructions: (pc=0x00007ff83cf1e0a9)
0x00007ff83cf1dfa9:   3b d0 75 0b ff c1 41 3b c9 7c dc 48 8b c2 c3 33
0x00007ff83cf1dfb9:   c0 c3 cc cc cc cc cc 48 89 5c 24 18 55 56 57 41
0x00007ff83cf1dfc9:   55 41 57 48 8b ec 48 83 ec 70 65 48 8b 04 25 58
0x00007ff83cf1dfd9:   00 00 00 48 8b f2 44 8b 05 92 8b 90 00 4c 8b f9
0x00007ff83cf1dfe9:   4a 8b 1c c0 b8 50 00 00 00 80 3c 18 00 75 05 e8
0x00007ff83cf1dff9:   8b 6f 5d 00 b8 20 00 00 00 48 8b 04 18 48 8b 98
0x00007ff83cf1e009:   38 02 00 00 48 89 5d b0 c7 45 b8 04 00 00 00 48
0x00007ff83cf1e019:   8b 43 18 48 83 f8 df 76 18 4c 8d 05 37 a9 65 00
0x00007ff83cf1e029:   ba 20 00 00 00 48 8b cb e8 5a eb de ff 48 8b 43
0x00007ff83cf1e039:   18 48 8d 48 20 48 3b 4b 20 76 11 45 33 c0 48 8b
0x00007ff83cf1e049:   cb 41 8d 50 20 e8 fd e8 de ff eb 04 48 89 4b 18
0x00007ff83cf1e059:   44 8b 45 b8 33 d2 49 c1 e0 03 48 8b c8 48 89 45
0x00007ff83cf1e069:   c0 e8 e3 80 5d 00 45 33 ed 48 8d 4d d0 44 89 6d
0x00007ff83cf1e079:   c8 e8 01 59 56 00 41 8b 9f 40 02 00 00 41 2b 9f
0x00007ff83cf1e089:   68 02 00 00 44 89 6d f0 3b 5d b8 72 0b 8b d3 48
0x00007ff83cf1e099:   8d 4d b0 e8 6f b3 39 00 48 8b 45 c0 4c 89 2c d8
0x00007ff83cf1e0a9:   8b 7e 28 8b df c1 eb 05 3b 5d d0 72 0b 8b d3 48
0x00007ff83cf1e0b9:   8d 4d d0 e8 1f 59 56 00 48 8b 45 d8 83 e7 1f 48
0x00007ff83cf1e0c9:   8d 14 98 40 0f b6 cf 41 b8 01 00 00 00 41 d3 e0
0x00007ff83cf1e0d9:   8b 0a 8b c1 41 0b c0 89 02 41 85 c8 75 21 8b 5d
0x00007ff83cf1e0e9:   c8 8d 43 01 89 45 c8 3b 5d b8 72 0b 8b d3 48 8d
0x00007ff83cf1e0f9:   4d b0 e8 10 b3 39 00 48 8b 45 c0 48 89 34 d8 44
0x00007ff83cf1e109:   39 6d c8 0f 86 77 01 00 00 4c 89 a4 24 a0 00 00
0x00007ff83cf1e119:   00 4c 89 b4 24 a8 00 00 00 48 8b 45 c0 41 8b cd
0x00007ff83cf1e129:   48 8b 34 c8 8b 46 2c 25 ff 1f 00 00 3d 04 10 00
0x00007ff83cf1e139:   00 0f 85 a7 00 00 00 bb 01 00 00 00 39 5e 18 76
0x00007ff83cf1e149:   39 66 0f 1f 44 00 00 48 8b 46 08 8b cb 48 8b 14
0x00007ff83cf1e159:   c8 48 85 d2 74 1d 48 83 7a 10 00 74 16 80 7a 2c
0x00007ff83cf1e169:   84 74 10 e8 7f 7e ee ff 48 8b d0 49 8b cf e8 a4
0x00007ff83cf1e179:   61 f6 ff ff c3 3b 5e 18 72 cd 48 8b 5e 10 8b 46
0x00007ff83cf1e189:   20 4c 8d 34 c3 49 3b de 73 54 48 8b 3b 8b 47 2c
0x00007ff83cf1e199:   83 e0 03 3c 03 75 2e 48 8b 07 48 8b cf ff 90 88 


Stack slot to memory mapping:
stack at sp + 0 slots: 0x0000000000001790 is an unknown value
stack at sp + 1 slots: 0x0 is NULL
stack at sp + 2 slots: 0x000000e2d75feab0 is pointing into the stack for thread: 0x000002bb02153df0
stack at sp + 3 slots: 0x00007ff83ce838d1 jvm.dll
stack at sp + 4 slots: 0x000002bb035b8f30 points into unknown readable memory: 0x0000000000000006 | 06 00 00 00 00 00 00 00
stack at sp + 5 slots: 0x00007ff800002000 is an unknown value
stack at sp + 6 slots: 0x000002bb04b90070 points into unknown readable memory: 0x0000000000000000 | 00 00 00 00 00 00 00 00
stack at sp + 7 slots: 0x0 is NULL


---------------  P R O C E S S  ---------------

Threads class SMR info:
_java_thread_list=0x000002bb0441a2b0, length=90, elements={
0x000002bb3e88b630, 0x000002bb5e3bbbb0, 0x000002bb5e3bd1d0, 0x000002bb5e3d5b00,
0x000002bb5e3d6980, 0x000002bb5e3dab00, 0x000002bb5e3dbc60, 0x000002bb5e3e06a0,
0x000002bb5e3e18f0, 0x000002bb5e3e2a90, 0x000002bb5e611480, 0x000002bb5e63afd0,
0x000002bb7ec05920, 0x000002bb5e946b40, 0x000002bb7ee3aee0, 0x000002bb7e17a8e0,
0x000002bb007e3b60, 0x000002bb006ad930, 0x000002bb00293960, 0x000002bb004b1300,
0x000002bb004ae570, 0x000002bb004afec0, 0x000002bb004b08e0, 0x000002bb004b0df0,
0x000002bb004aea80, 0x000002bb004b1810, 0x000002bb004ae060, 0x000002bb004aef90,
0x000002bb004af9b0, 0x000002bb004af4a0, 0x000002bb00f0bc40, 0x000002bb00f0a2f0,
0x000002bb00f0c660, 0x000002bb00f0d080, 0x000002bb00f0b220, 0x000002bb00f0fe10,
0x000002bb00f0d590, 0x000002bb00f0daa0, 0x000002bb00f0dfb0, 0x000002bb00f0b730,
0x000002bb00f098d0, 0x000002bb00f0c150, 0x000002bb00f0e9d0, 0x000002bb00f0e4c0,
0x000002bb00f10320, 0x000002bb00f0f900, 0x000002bb00f10830, 0x000002bb00f0f3f0,
0x000002bb00f093c0, 0x000002bb00f0eee0, 0x000002bb00f09de0, 0x000002bb00f10d40,
0x000002bb00f0cb70, 0x000002bb01542480, 0x000002bb01541f70, 0x000002bb01545210,
0x000002bb01544d00, 0x000002bb01546140, 0x000002bb01546650, 0x000002bb01546b60,
0x000002bb015433b0, 0x000002bb01540110, 0x000002bb01545c30, 0x000002bb01547070,
0x000002bb01540b30, 0x000002bb0153fc00, 0x000002bb01541a60, 0x000002bb01542990,
0x000002bb01540620, 0x000002bb01545720, 0x000002bb01542ea0, 0x000002bb01541040,
0x000002bb01541550, 0x000002bb01543dd0, 0x000002bb7eafa510, 0x000002bb7eaf7780,
0x000002bb7eafb950, 0x000002bb7eaf86b0, 0x000002bb7eaf8bc0, 0x000002bb7eafc880,
0x000002bb7eaf81a0, 0x000002bb7eafcd90, 0x000002bb7eaf7c90, 0x000002bb7eafbe60,
0x000002bb7eafa000, 0x000002bb7eafe6e0, 0x000002bb7eafd7b0, 0x000002bb7eafc370,
0x000002bb02ac2a70, 0x000002bb02153df0
}

Java Threads: ( => current thread )
  0x000002bb3e88b630 JavaThread "main" [_thread_blocked, id=4160, stack(0x000000e2d0f00000,0x000000e2d1000000)]
  0x000002bb5e3bbbb0 JavaThread "Reference Handler" daemon [_thread_blocked, id=12072, stack(0x000000e2d1600000,0x000000e2d1700000)]
  0x000002bb5e3bd1d0 JavaThread "Finalizer" daemon [_thread_blocked, id=12048, stack(0x000000e2d1700000,0x000000e2d1800000)]
  0x000002bb5e3d5b00 JavaThread "Signal Dispatcher" daemon [_thread_blocked, id=12052, stack(0x000000e2d1800000,0x000000e2d1900000)]
  0x000002bb5e3d6980 JavaThread "Attach Listener" daemon [_thread_blocked, id=10668, stack(0x000000e2d1900000,0x000000e2d1a00000)]
  0x000002bb5e3dab00 JavaThread "Service Thread" daemon [_thread_blocked, id=11968, stack(0x000000e2d1a00000,0x000000e2d1b00000)]
  0x000002bb5e3dbc60 JavaThread "Monitor Deflation Thread" daemon [_thread_blocked, id=824, stack(0x000000e2d1b00000,0x000000e2d1c00000)]
  0x000002bb5e3e06a0 JavaThread "C2 CompilerThread0" daemon [_thread_in_native, id=8896, stack(0x000000e2d1c00000,0x000000e2d1d00000)]
  0x000002bb5e3e18f0 JavaThread "C1 CompilerThread0" daemon [_thread_blocked, id=10272, stack(0x000000e2d1d00000,0x000000e2d1e00000)]
  0x000002bb5e3e2a90 JavaThread "Sweeper thread" daemon [_thread_blocked, id=12200, stack(0x000000e2d1e00000,0x000000e2d1f00000)]
  0x000002bb5e611480 JavaThread "Common-Cleaner" daemon [_thread_blocked, id=11744, stack(0x000000e2d1f00000,0x000000e2d2000000)]
  0x000002bb5e63afd0 JavaThread "Notification Thread" daemon [_thread_blocked, id=11540, stack(0x000000e2d2000000,0x000000e2d2100000)]
  0x000002bb7ec05920 JavaThread "Daemon health stats" [_thread_blocked, id=3444, stack(0x000000e2d2600000,0x000000e2d2700000)]
  0x000002bb5e946b40 JavaThread "Incoming local TCP Connector on port 51380" [_thread_in_native, id=10160, stack(0x000000e2d2200000,0x000000e2d2300000)]
  0x000002bb7ee3aee0 JavaThread "Daemon periodic checks" [_thread_blocked, id=3140, stack(0x000000e2d2800000,0x000000e2d2900000)]
  0x000002bb7e17a8e0 JavaThread "Daemon" [_thread_blocked, id=8216, stack(0x000000e2d2900000,0x000000e2d2a00000)]
  0x000002bb007e3b60 JavaThread "Handler for socket connection from /127.0.0.1:51380 to /127.0.0.1:51381" [_thread_in_native, id=3076, stack(0x000000e2d2a00000,0x000000e2d2b00000)]
  0x000002bb006ad930 JavaThread "Cancel handler" [_thread_blocked, id=1476, stack(0x000000e2d2700000,0x000000e2d2800000)]
  0x000002bb00293960 JavaThread "Daemon worker" [_thread_blocked, id=11220, stack(0x000000e2d2b00000,0x000000e2d2c00000)]
  0x000002bb004b1300 JavaThread "Asynchronous log dispatcher for DefaultDaemonConnection: socket connection from /127.0.0.1:51380 to /127.0.0.1:51381" [_thread_blocked, id=1656, stack(0x000000e2d2c00000,0x000000e2d2d00000)]
  0x000002bb004ae570 JavaThread "Stdin handler" [_thread_blocked, id=8812, stack(0x000000e2d2d00000,0x000000e2d2e00000)]
  0x000002bb004afec0 JavaThread "Daemon client event forwarder" [_thread_blocked, id=5768, stack(0x000000e2d2e00000,0x000000e2d2f00000)]
  0x000002bb004b08e0 JavaThread "Cache worker for journal cache (C:\Users\aminah\.gradle\caches\journal-1)" [_thread_blocked, id=9468, stack(0x000000e2d2f00000,0x000000e2d3000000)]
  0x000002bb004b0df0 JavaThread "File lock request listener" [_thread_in_native, id=10888, stack(0x000000e2d3000000,0x000000e2d3100000)]
  0x000002bb004aea80 JavaThread "Cache worker for file hash cache (C:\Users\aminah\.gradle\caches\8.0.1\fileHashes)" [_thread_blocked, id=9096, stack(0x000000e2d3200000,0x000000e2d3300000)]
  0x000002bb004b1810 JavaThread "File watcher server" daemon [_thread_in_native, id=9888, stack(0x000000e2d3300000,0x000000e2d3400000)]
  0x000002bb004ae060 JavaThread "File watcher consumer" daemon [_thread_blocked, id=11924, stack(0x000000e2d3400000,0x000000e2d3500000)]
  0x000002bb004aef90 JavaThread "Cache worker for checksums cache (C:\Users\aminah\Taufikmobile\android\.gradle\8.0.1\checksums)" [_thread_blocked, id=1180, stack(0x000000e2d3500000,0x000000e2d3600000)]
  0x000002bb004af9b0 JavaThread "Cache worker for cache directory md-rule (C:\Users\aminah\.gradle\caches\8.0.1\md-rule)" [_thread_blocked, id=11156, stack(0x000000e2d3600000,0x000000e2d3700000)]
  0x000002bb004af4a0 JavaThread "Cache worker for file content cache (C:\Users\aminah\.gradle\caches\8.0.1\fileContent)" [_thread_blocked, id=11516, stack(0x000000e2d3700000,0x000000e2d3800000)]
  0x000002bb00f0bc40 JavaThread "File lock release action executor" [_thread_blocked, id=2064, stack(0x000000e2d3800000,0x000000e2d3900000)]
  0x000002bb00f0a2f0 JavaThread "Cache worker for file hash cache (C:\Users\aminah\Taufikmobile\android\.gradle\8.0.1\fileHashes)" [_thread_blocked, id=5408, stack(0x000000e2d3900000,0x000000e2d3a00000)]
  0x000002bb00f0c660 JavaThread "Cache worker for cache directory md-supplier (C:\Users\aminah\.gradle\caches\8.0.1\md-supplier)" [_thread_blocked, id=11852, stack(0x000000e2d3a00000,0x000000e2d3b00000)]
  0x000002bb00f0d080 JavaThread "Cache worker for execution history cache (C:\Users\aminah\.gradle\caches\8.0.1\executionHistory)" [_thread_blocked, id=11204, stack(0x000000e2d3b00000,0x000000e2d3c00000)]
  0x000002bb00f0b220 JavaThread "jar transforms" [_thread_blocked, id=10656, stack(0x000000e2d3e00000,0x000000e2d3f00000)]
  0x000002bb00f0fe10 JavaThread "jar transforms Thread 2" [_thread_blocked, id=3760, stack(0x000000e2d3f00000,0x000000e2d4000000)]
  0x000002bb00f0d590 JavaThread "jar transforms Thread 3" [_thread_blocked, id=1248, stack(0x000000e2d4000000,0x000000e2d4100000)]
  0x000002bb00f0daa0 JavaThread "jar transforms Thread 4" [_thread_blocked, id=8696, stack(0x000000e2d4100000,0x000000e2d4200000)]
  0x000002bb00f0dfb0 JavaThread "Cache worker for kotlin-dsl (C:\Users\aminah\.gradle\caches\8.0.1\kotlin-dsl)" [_thread_blocked, id=8892, stack(0x000000e2d4200000,0x000000e2d4300000)]
  0x000002bb00f0b730 JavaThread "Cache worker for dependencies-accessors (C:\Users\aminah\Taufikmobile\android\.gradle\8.0.1\dependencies-accessors)" [_thread_blocked, id=8364, stack(0x000000e2d4300000,0x000000e2d4400000)]
  0x000002bb00f098d0 JavaThread "Cache worker for Build Output Cleanup Cache (C:\Users\aminah\Taufikmobile\node_modules\@react-native\gradle-plugin\.gradle\buildOutputCleanup)" [_thread_blocked, id=11252, stack(0x000000e2d4400000,0x000000e2d4500000)]
  0x000002bb00f0c150 JavaThread "Unconstrained build operations" [_thread_blocked, id=7880, stack(0x000000e2d4500000,0x000000e2d4600000)]
  0x000002bb00f0e9d0 JavaThread "Unconstrained build operations Thread 2" [_thread_blocked, id=3024, stack(0x000000e2d4600000,0x000000e2d4700000)]
  0x000002bb00f0e4c0 JavaThread "Unconstrained build operations Thread 3" [_thread_blocked, id=4196, stack(0x000000e2d4700000,0x000000e2d4800000)]
  0x000002bb00f10320 JavaThread "Unconstrained build operations Thread 4" [_thread_blocked, id=1664, stack(0x000000e2d4800000,0x000000e2d4900000)]
  0x000002bb00f0f900 JavaThread "Unconstrained build operations Thread 5" [_thread_blocked, id=8588, stack(0x000000e2d4900000,0x000000e2d4a00000)]
  0x000002bb00f10830 JavaThread "Unconstrained build operations Thread 6" [_thread_blocked, id=4952, stack(0x000000e2d4a00000,0x000000e2d4b00000)]
  0x000002bb00f0f3f0 JavaThread "Unconstrained build operations Thread 7" [_thread_blocked, id=11364, stack(0x000000e2d4b00000,0x000000e2d4c00000)]
  0x000002bb00f093c0 JavaThread "Unconstrained build operations Thread 8" [_thread_blocked, id=11420, stack(0x000000e2d4c00000,0x000000e2d4d00000)]
  0x000002bb00f0eee0 JavaThread "Unconstrained build operations Thread 9" [_thread_blocked, id=11340, stack(0x000000e2d4d00000,0x000000e2d4e00000)]
  0x000002bb00f09de0 JavaThread "Unconstrained build operations Thread 10" [_thread_blocked, id=11708, stack(0x000000e2d4e00000,0x000000e2d4f00000)]
  0x000002bb00f10d40 JavaThread "Unconstrained build operations Thread 11" [_thread_blocked, id=4012, stack(0x000000e2d4f00000,0x000000e2d5000000)]
  0x000002bb00f0cb70 JavaThread "Unconstrained build operations Thread 12" [_thread_blocked, id=4084, stack(0x000000e2d5000000,0x000000e2d5100000)]
  0x000002bb01542480 JavaThread "Unconstrained build operations Thread 13" [_thread_in_native, id=3020, stack(0x000000e2d5100000,0x000000e2d5200000)]
  0x000002bb01541f70 JavaThread "Unconstrained build operations Thread 14" [_thread_blocked, id=9356, stack(0x000000e2d5200000,0x000000e2d5300000)]
  0x000002bb01545210 JavaThread "Unconstrained build operations Thread 15" [_thread_blocked, id=5956, stack(0x000000e2d5300000,0x000000e2d5400000)]
  0x000002bb01544d00 JavaThread "Unconstrained build operations Thread 16" [_thread_blocked, id=10472, stack(0x000000e2d5400000,0x000000e2d5500000)]
  0x000002bb01546140 JavaThread "Unconstrained build operations Thread 17" [_thread_blocked, id=4384, stack(0x000000e2d5500000,0x000000e2d5600000)]
  0x000002bb01546650 JavaThread "Unconstrained build operations Thread 18" [_thread_blocked, id=5880, stack(0x000000e2d5600000,0x000000e2d5700000)]
  0x000002bb01546b60 JavaThread "Unconstrained build operations Thread 19" [_thread_blocked, id=8440, stack(0x000000e2d5700000,0x000000e2d5800000)]
  0x000002bb015433b0 JavaThread "Unconstrained build operations Thread 20" [_thread_blocked, id=760, stack(0x000000e2d5800000,0x000000e2d5900000)]
  0x000002bb01540110 JavaThread "Unconstrained build operations Thread 21" [_thread_blocked, id=10192, stack(0x000000e2d5900000,0x000000e2d5a00000)]
  0x000002bb01545c30 JavaThread "Unconstrained build operations Thread 22" [_thread_blocked, id=12196, stack(0x000000e2d5a00000,0x000000e2d5b00000)]
  0x000002bb01547070 JavaThread "Unconstrained build operations Thread 23" [_thread_blocked, id=10832, stack(0x000000e2d5b00000,0x000000e2d5c00000)]
  0x000002bb01540b30 JavaThread "Unconstrained build operations Thread 24" [_thread_blocked, id=5664, stack(0x000000e2d5c00000,0x000000e2d5d00000)]
  0x000002bb0153fc00 JavaThread "Unconstrained build operations Thread 25" [_thread_blocked, id=9392, stack(0x000000e2d5d00000,0x000000e2d5e00000)]
  0x000002bb01541a60 JavaThread "Unconstrained build operations Thread 26" [_thread_blocked, id=11544, stack(0x000000e2d5e00000,0x000000e2d5f00000)]
  0x000002bb01542990 JavaThread "Memory manager" [_thread_blocked, id=2768, stack(0x000000e2d5f00000,0x000000e2d6000000)]
  0x000002bb01540620 JavaThread "Cache worker for Build Output Cleanup Cache (C:\Users\aminah\Taufikmobile\android\.gradle\buildOutputCleanup)" [_thread_blocked, id=11704, stack(0x000000e2d3c00000,0x000000e2d3d00000)]
  0x000002bb01545720 JavaThread "included builds" [_thread_blocked, id=2540, stack(0x000000e2d6100000,0x000000e2d6200000)]
  0x000002bb01542ea0 JavaThread "Execution worker" [_thread_blocked, id=6132, stack(0x000000e2d6200000,0x000000e2d6300000)]
  0x000002bb01541040 JavaThread "Execution worker Thread 2" [_thread_blocked, id=5528, stack(0x000000e2d6300000,0x000000e2d6400000)]
  0x000002bb01541550 JavaThread "Execution worker Thread 3" [_thread_blocked, id=3448, stack(0x000000e2d6400000,0x000000e2d6500000)]
  0x000002bb01543dd0 JavaThread "Cache worker for execution history cache (C:\Users\aminah\Taufikmobile\node_modules\@react-native\gradle-plugin\.gradle\8.0.1\executionHistory)" [_thread_blocked, id=11976, stack(0x000000e2d6500000,0x000000e2d6600000)]
  0x000002bb7eafa510 JavaThread "Unconstrained build operations Thread 27" [_thread_blocked, id=12216, stack(0x000000e2d6600000,0x000000e2d6700000)]
  0x000002bb7eaf7780 JavaThread "Unconstrained build operations Thread 28" [_thread_blocked, id=6908, stack(0x000000e2d6700000,0x000000e2d6800000)]
  0x000002bb7eafb950 JavaThread "Unconstrained build operations Thread 29" [_thread_blocked, id=11080, stack(0x000000e2d6800000,0x000000e2d6900000)]
  0x000002bb7eaf86b0 JavaThread "Unconstrained build operations Thread 30" [_thread_blocked, id=5620, stack(0x000000e2d6900000,0x000000e2d6a00000)]
  0x000002bb7eaf8bc0 JavaThread "Unconstrained build operations Thread 31" [_thread_blocked, id=8560, stack(0x000000e2d6a00000,0x000000e2d6b00000)]
  0x000002bb7eafc880 JavaThread "Unconstrained build operations Thread 32" [_thread_blocked, id=3068, stack(0x000000e2d6b00000,0x000000e2d6c00000)]
  0x000002bb7eaf81a0 JavaThread "Unconstrained build operations Thread 33" [_thread_blocked, id=12208, stack(0x000000e2d6c00000,0x000000e2d6d00000)]
  0x000002bb7eafcd90 JavaThread "Unconstrained build operations Thread 34" [_thread_blocked, id=2960, stack(0x000000e2d6d00000,0x000000e2d6e00000)]
  0x000002bb7eaf7c90 JavaThread "Unconstrained build operations Thread 35" [_thread_blocked, id=10492, stack(0x000000e2d6e00000,0x000000e2d6f00000)]
  0x000002bb7eafbe60 JavaThread "Unconstrained build operations Thread 36" [_thread_in_native, id=1356, stack(0x000000e2d6f00000,0x000000e2d7000000)]
  0x000002bb7eafa000 JavaThread "Unconstrained build operations Thread 37" [_thread_in_native, id=11908, stack(0x000000e2d7000000,0x000000e2d7100000)]
  0x000002bb7eafe6e0 JavaThread "Unconstrained build operations Thread 38" [_thread_blocked, id=10264, stack(0x000000e2d7100000,0x000000e2d7200000)]
  0x000002bb7eafd7b0 JavaThread "Unconstrained build operations Thread 39" [_thread_blocked, id=11828, stack(0x000000e2d7200000,0x000000e2d7300000)]
  0x000002bb7eafc370 JavaThread "Unconstrained build operations Thread 40" [_thread_blocked, id=5924, stack(0x000000e2d7300000,0x000000e2d7400000)]
  0x000002bb02ac2a70 JavaThread "Cache worker for execution history cache (C:\Users\aminah\Taufikmobile\android\.gradle\8.0.1\executionHistory)" [_thread_blocked, id=4704, stack(0x000000e2d7600000,0x000000e2d7700000)]
=>0x000002bb02153df0 JavaThread "C2 CompilerThread1" daemon [_thread_in_native, id=7524, stack(0x000000e2d7500000,0x000000e2d7600000)]

Other Threads:
  0x000002bb5e3b6800 VMThread "VM Thread" [stack: 0x000000e2d1500000,0x000000e2d1600000] [id=10512]
  0x000002bb5e63d4c0 WatcherThread [stack: 0x000000e2d2100000,0x000000e2d2200000] [id=11528]
  0x000002bb3e8e9b10 GCTaskThread "GC Thread#0" [stack: 0x000000e2d1000000,0x000000e2d1100000] [id=12068]
  0x000002bb7e059000 GCTaskThread "GC Thread#1" [stack: 0x000000e2d2300000,0x000000e2d2400000] [id=9248]
  0x000002bb7e3ed770 GCTaskThread "GC Thread#2" [stack: 0x000000e2d2400000,0x000000e2d2500000] [id=5960]
  0x000002bb7f1eebf0 GCTaskThread "GC Thread#3" [stack: 0x000000e2d2500000,0x000000e2d2600000] [id=8556]
  0x000002bb3e8faa60 ConcurrentGCThread "G1 Main Marker" [stack: 0x000000e2d1100000,0x000000e2d1200000] [id=12036]
  0x000002bb3e8fbc10 ConcurrentGCThread "G1 Conc#0" [stack: 0x000000e2d1200000,0x000000e2d1300000] [id=1012]
  0x000002bb5e2640b0 ConcurrentGCThread "G1 Refine#0" [stack: 0x000000e2d1300000,0x000000e2d1400000] [id=11984]
  0x000002bb7efa4d70 ConcurrentGCThread "G1 Refine#1" [stack: 0x000000e2d3100000,0x000000e2d3200000] [id=12124]
  0x000002bb02077520 ConcurrentGCThread "G1 Refine#2" [stack: 0x000000e2d3d00000,0x000000e2d3e00000] [id=1200]
  0x000002bb5e264ae0 ConcurrentGCThread "G1 Service" [stack: 0x000000e2d1400000,0x000000e2d1500000] [id=11996]

Threads with active compile tasks:
C2 CompilerThread0    49560 14467       4       org.gradle.cache.internal.CacheAccessWorker$1::call (10 bytes)
C2 CompilerThread1    49560 14468       4       org.gradle.cache.internal.AsyncCacheAccessDecoratedCache$$Lambda$466/0x000002bb6043fcc0::create (12 bytes)

VM state: not at safepoint (normal execution)

VM Mutex/Monitor currently owned by a thread: None

Heap address: 0x0000000080000000, size: 2048 MB, Compressed Oops mode: 32-bit

CDS archive(s) mapped at: [0x000002bb5f000000-0x000002bb5fbd0000-0x000002bb5fbd0000), size 12386304, SharedBaseAddress: 0x000002bb5f000000, ArchiveRelocationMode: 1.
Compressed class space mapped at: 0x000002bb60000000-0x000002bb7a000000, reserved size: 436207616
Narrow klass base: 0x000002bb5f000000, Narrow klass shift: 0, Narrow klass range: 0x100000000

GC Precious Log:
 CPUs: 4 total, 4 available
 Memory: 7764M
 Large Page Support: Disabled
 NUMA Support: Disabled
 Compressed Oops: Enabled (32-bit)
 Heap Region Size: 1M
 Heap Min Capacity: 8M
 Heap Initial Capacity: 122M
 Heap Max Capacity: 2G
 Pre-touch: Disabled
 Parallel Workers: 4
 Concurrent Workers: 1
 Concurrent Refinement Workers: 4
 Periodic GC: Disabled

Heap:
 garbage-first heap   total 222208K, used 181475K [0x0000000080000000, 0x0000000100000000)
  region size 1024K, 21 young (21504K), 2 survivors (2048K)
 Metaspace       used 96629K, committed 97472K, reserved 557056K
  class space    used 13294K, committed 13696K, reserved 425984K

Heap Regions: E=young(eden), S=young(survivor), O=old, HS=humongous(starts), HC=humongous(continues), CS=collection set, F=free, OA=open archive, CA=closed archive, TAMS=top-at-mark-start (previous, next)
|   0|0x0000000080000000, 0x0000000080100000, 0x0000000080100000|100%| O|  |TAMS 0x0000000080100000, 0x0000000080000000| Untracked 
|   1|0x0000000080100000, 0x0000000080200000, 0x0000000080200000|100%| O|  |TAMS 0x0000000080200000, 0x0000000080100000| Untracked 
|   2|0x0000000080200000, 0x0000000080300000, 0x0000000080300000|100%|HS|  |TAMS 0x0000000080300000, 0x0000000080200000| Complete 
|   3|0x0000000080300000, 0x0000000080400000, 0x0000000080400000|100%|HC|  |TAMS 0x0000000080400000, 0x0000000080300000| Complete 
|   4|0x0000000080400000, 0x0000000080500000, 0x0000000080500000|100%|HC|  |TAMS 0x0000000080500000, 0x0000000080400000| Complete 
|   5|0x0000000080500000, 0x0000000080600000, 0x0000000080600000|100%|HC|  |TAMS 0x0000000080600000, 0x0000000080500000| Complete 
|   6|0x0000000080600000, 0x0000000080700000, 0x0000000080700000|100%| O|  |TAMS 0x0000000080700000, 0x0000000080600000| Untracked 
|   7|0x0000000080700000, 0x0000000080800000, 0x0000000080800000|100%| O|  |TAMS 0x0000000080800000, 0x0000000080700000| Untracked 
|   8|0x0000000080800000, 0x0000000080900000, 0x0000000080900000|100%| O|  |TAMS 0x0000000080900000, 0x0000000080800000| Untracked 
|   9|0x0000000080900000, 0x0000000080a00000, 0x0000000080a00000|100%| O|  |TAMS 0x0000000080a00000, 0x0000000080900000| Untracked 
|  10|0x0000000080a00000, 0x0000000080b00000, 0x0000000080b00000|100%| O|  |TAMS 0x0000000080b00000, 0x0000000080a00000| Untracked 
|  11|0x0000000080b00000, 0x0000000080c00000, 0x0000000080c00000|100%| O|  |TAMS 0x0000000080c00000, 0x0000000080b00000| Untracked 
|  12|0x0000000080c00000, 0x0000000080d00000, 0x0000000080d00000|100%| O|  |TAMS 0x0000000080d00000, 0x0000000080c00000| Untracked 
|  13|0x0000000080d00000, 0x0000000080e00000, 0x0000000080e00000|100%| O|  |TAMS 0x0000000080e00000, 0x0000000080d00000| Untracked 
|  14|0x0000000080e00000, 0x0000000080f00000, 0x0000000080f00000|100%| O|  |TAMS 0x0000000080f00000, 0x0000000080e00000| Untracked 
|  15|0x0000000080f00000, 0x0000000081000000, 0x0000000081000000|100%| O|  |TAMS 0x0000000081000000, 0x0000000080f00000| Untracked 
|  16|0x0000000081000000, 0x0000000081100000, 0x0000000081100000|100%| O|  |TAMS 0x0000000081100000, 0x0000000081000000| Untracked 
|  17|0x0000000081100000, 0x0000000081200000, 0x0000000081200000|100%| O|  |TAMS 0x0000000081200000, 0x0000000081100000| Untracked 
|  18|0x0000000081200000, 0x0000000081300000, 0x0000000081300000|100%| O|  |TAMS 0x0000000081300000, 0x0000000081200000| Untracked 
|  19|0x0000000081300000, 0x00000000813e4200, 0x0000000081400000| 89%| O|  |TAMS 0x00000000813e4200, 0x0000000081300000| Untracked 
|  20|0x0000000081400000, 0x0000000081500000, 0x0000000081500000|100%| O|  |TAMS 0x0000000081500000, 0x0000000081400000| Untracked 
|  21|0x0000000081500000, 0x0000000081600000, 0x0000000081600000|100%| O|  |TAMS 0x0000000081600000, 0x0000000081500000| Untracked 
|  22|0x0000000081600000, 0x0000000081700000, 0x0000000081700000|100%| O|  |TAMS 0x0000000081700000, 0x0000000081600000| Untracked 
|  23|0x0000000081700000, 0x0000000081800000, 0x0000000081800000|100%| O|  |TAMS 0x0000000081800000, 0x0000000081700000| Untracked 
|  24|0x0000000081800000, 0x0000000081900000, 0x0000000081900000|100%|HS|  |TAMS 0x0000000081900000, 0x0000000081800000| Complete 
|  25|0x0000000081900000, 0x0000000081a00000, 0x0000000081a00000|100%| O|  |TAMS 0x0000000081a00000, 0x0000000081900000| Untracked 
|  26|0x0000000081a00000, 0x0000000081b00000, 0x0000000081b00000|100%| O|  |TAMS 0x0000000081b00000, 0x0000000081a00000| Untracked 
|  27|0x0000000081b00000, 0x0000000081c00000, 0x0000000081c00000|100%| O|  |TAMS 0x0000000081c00000, 0x0000000081b00000| Untracked 
|  28|0x0000000081c00000, 0x0000000081d00000, 0x0000000081d00000|100%| O|  |TAMS 0x0000000081d00000, 0x0000000081c00000| Untracked 
|  29|0x0000000081d00000, 0x0000000081e00000, 0x0000000081e00000|100%| O|  |TAMS 0x0000000081e00000, 0x0000000081d00000| Untracked 
|  30|0x0000000081e00000, 0x0000000081f00000, 0x0000000081f00000|100%| O|  |TAMS 0x0000000081f00000, 0x0000000081e00000| Untracked 
|  31|0x0000000081f00000, 0x0000000082000000, 0x0000000082000000|100%| O|  |TAMS 0x0000000082000000, 0x0000000081f00000| Untracked 
|  32|0x0000000082000000, 0x0000000082100000, 0x0000000082100000|100%| O|  |TAMS 0x0000000082100000, 0x0000000082000000| Untracked 
|  33|0x0000000082100000, 0x0000000082200000, 0x0000000082200000|100%| O|  |TAMS 0x0000000082200000, 0x0000000082100000| Untracked 
|  34|0x0000000082200000, 0x0000000082300000, 0x0000000082300000|100%| O|  |TAMS 0x0000000082300000, 0x0000000082200000| Untracked 
|  35|0x0000000082300000, 0x0000000082400000, 0x0000000082400000|100%| O|  |TAMS 0x0000000082400000, 0x0000000082300000| Untracked 
|  36|0x0000000082400000, 0x0000000082500000, 0x0000000082500000|100%|HS|  |TAMS 0x0000000082500000, 0x0000000082400000| Complete 
|  37|0x0000000082500000, 0x0000000082600000, 0x0000000082600000|100%|HC|  |TAMS 0x0000000082600000, 0x0000000082500000| Complete 
|  38|0x0000000082600000, 0x0000000082700000, 0x0000000082700000|100%|HS|  |TAMS 0x0000000082700000, 0x0000000082600000| Complete 
|  39|0x0000000082700000, 0x0000000082800000, 0x0000000082800000|100%|HC|  |TAMS 0x0000000082800000, 0x0000000082700000| Complete 
|  40|0x0000000082800000, 0x0000000082900000, 0x0000000082900000|100%|HC|  |TAMS 0x0000000082900000, 0x0000000082800000| Complete 
|  41|0x0000000082900000, 0x0000000082a00000, 0x0000000082a00000|100%|HC|  |TAMS 0x0000000082a00000, 0x0000000082900000| Complete 
|  42|0x0000000082a00000, 0x0000000082b00000, 0x0000000082b00000|100%| O|  |TAMS 0x0000000082b00000, 0x0000000082a00000| Untracked 
|  43|0x0000000082b00000, 0x0000000082c00000, 0x0000000082c00000|100%| O|  |TAMS 0x0000000082c00000, 0x0000000082b00000| Untracked 
|  44|0x0000000082c00000, 0x0000000082d00000, 0x0000000082d00000|100%| O|  |TAMS 0x0000000082d00000, 0x0000000082c00000| Untracked 
|  45|0x0000000082d00000, 0x0000000082e00000, 0x0000000082e00000|100%| O|  |TAMS 0x0000000082e00000, 0x0000000082d00000| Untracked 
|  46|0x0000000082e00000, 0x0000000082f00000, 0x0000000082f00000|100%| O|  |TAMS 0x0000000082f00000, 0x0000000082e00000| Untracked 
|  47|0x0000000082f00000, 0x0000000083000000, 0x0000000083000000|100%| O|  |TAMS 0x0000000083000000, 0x0000000082f00000| Untracked 
|  48|0x0000000083000000, 0x0000000083100000, 0x0000000083100000|100%| O|  |TAMS 0x0000000083100000, 0x0000000083000000| Untracked 
|  49|0x0000000083100000, 0x0000000083200000, 0x0000000083200000|100%| O|  |TAMS 0x0000000083200000, 0x0000000083100000| Untracked 
|  50|0x0000000083200000, 0x0000000083300000, 0x0000000083300000|100%| O|  |TAMS 0x0000000083300000, 0x0000000083200000| Untracked 
|  51|0x0000000083300000, 0x0000000083400000, 0x0000000083400000|100%| O|  |TAMS 0x0000000083400000, 0x0000000083300000| Untracked 
|  52|0x0000000083400000, 0x0000000083500000, 0x0000000083500000|100%| O|  |TAMS 0x0000000083500000, 0x0000000083400000| Untracked 
|  53|0x0000000083500000, 0x0000000083600000, 0x0000000083600000|100%| O|  |TAMS 0x0000000083600000, 0x0000000083500000| Untracked 
|  54|0x0000000083600000, 0x0000000083700000, 0x0000000083700000|100%| O|  |TAMS 0x0000000083700000, 0x0000000083600000| Untracked 
|  55|0x0000000083700000, 0x0000000083800000, 0x0000000083800000|100%| O|  |TAMS 0x0000000083800000, 0x0000000083700000| Untracked 
|  56|0x0000000083800000, 0x0000000083900000, 0x0000000083900000|100%| O|  |TAMS 0x0000000083900000, 0x0000000083800000| Untracked 
|  57|0x0000000083900000, 0x0000000083a00000, 0x0000000083a00000|100%| O|  |TAMS 0x0000000083a00000, 0x0000000083900000| Untracked 
|  58|0x0000000083a00000, 0x0000000083b00000, 0x0000000083b00000|100%|HS|  |TAMS 0x0000000083b00000, 0x0000000083a00000| Complete 
|  59|0x0000000083b00000, 0x0000000083c00000, 0x0000000083c00000|100%| O|  |TAMS 0x0000000083c00000, 0x0000000083b00000| Untracked 
|  60|0x0000000083c00000, 0x0000000083d00000, 0x0000000083d00000|100%| O|  |TAMS 0x0000000083d00000, 0x0000000083c00000| Untracked 
|  61|0x0000000083d00000, 0x0000000083e00000, 0x0000000083e00000|100%| O|  |TAMS 0x0000000083e00000, 0x0000000083d00000| Untracked 
|  62|0x0000000083e00000, 0x0000000083f00000, 0x0000000083f00000|100%| O|  |TAMS 0x0000000083f00000, 0x0000000083e00000| Untracked 
|  63|0x0000000083f00000, 0x0000000084000000, 0x0000000084000000|100%| O|  |TAMS 0x0000000084000000, 0x0000000083f00000| Untracked 
|  64|0x0000000084000000, 0x0000000084100000, 0x0000000084100000|100%| O|  |TAMS 0x0000000084100000, 0x0000000084000000| Untracked 
|  65|0x0000000084100000, 0x0000000084200000, 0x0000000084200000|100%| O|  |TAMS 0x0000000084200000, 0x0000000084100000| Untracked 
|  66|0x0000000084200000, 0x0000000084300000, 0x0000000084300000|100%| O|  |TAMS 0x0000000084300000, 0x0000000084200000| Untracked 
|  67|0x0000000084300000, 0x0000000084400000, 0x0000000084400000|100%| O|  |TAMS 0x0000000084400000, 0x0000000084300000| Untracked 
|  68|0x0000000084400000, 0x0000000084500000, 0x0000000084500000|100%| O|  |TAMS 0x0000000084500000, 0x0000000084400000| Untracked 
|  69|0x0000000084500000, 0x0000000084600000, 0x0000000084600000|100%| O|  |TAMS 0x0000000084600000, 0x0000000084500000| Untracked 
|  70|0x0000000084600000, 0x0000000084700000, 0x0000000084700000|100%| O|  |TAMS 0x0000000084700000, 0x0000000084600000| Untracked 
|  71|0x0000000084700000, 0x0000000084800000, 0x0000000084800000|100%| O|  |TAMS 0x0000000084800000, 0x0000000084700000| Untracked 
|  72|0x0000000084800000, 0x0000000084900000, 0x0000000084900000|100%| O|  |TAMS 0x0000000084900000, 0x0000000084800000| Untracked 
|  73|0x0000000084900000, 0x0000000084a00000, 0x0000000084a00000|100%| O|  |TAMS 0x0000000084a00000, 0x0000000084900000| Untracked 
|  74|0x0000000084a00000, 0x0000000084b00000, 0x0000000084b00000|100%| O|  |TAMS 0x0000000084b00000, 0x0000000084a00000| Untracked 
|  75|0x0000000084b00000, 0x0000000084c00000, 0x0000000084c00000|100%| O|  |TAMS 0x0000000084c00000, 0x0000000084b00000| Untracked 
|  76|0x0000000084c00000, 0x0000000084d00000, 0x0000000084d00000|100%| O|  |TAMS 0x0000000084d00000, 0x0000000084c00000| Untracked 
|  77|0x0000000084d00000, 0x0000000084e00000, 0x0000000084e00000|100%|HS|  |TAMS 0x0000000084d00000, 0x0000000084d00000| Complete 
|  78|0x0000000084e00000, 0x0000000084f00000, 0x0000000084f00000|100%|HS|  |TAMS 0x0000000084f00000, 0x0000000084e00000| Complete 
|  79|0x0000000084f00000, 0x0000000085000000, 0x0000000085000000|100%|HS|  |TAMS 0x0000000085000000, 0x0000000084f00000| Complete 
|  80|0x0000000085000000, 0x0000000085100000, 0x0000000085100000|100%|HS|  |TAMS 0x0000000085100000, 0x0000000085000000| Complete 
|  81|0x0000000085100000, 0x0000000085200000, 0x0000000085200000|100%|HS|  |TAMS 0x0000000085200000, 0x0000000085100000| Complete 
|  82|0x0000000085200000, 0x0000000085300000, 0x0000000085300000|100%|HC|  |TAMS 0x0000000085300000, 0x0000000085200000| Complete 
|  83|0x0000000085300000, 0x0000000085400000, 0x0000000085400000|100%|HC|  |TAMS 0x0000000085400000, 0x0000000085300000| Complete 
|  84|0x0000000085400000, 0x0000000085500000, 0x0000000085500000|100%| O|  |TAMS 0x0000000085400000, 0x0000000085400000| Untracked 
|  85|0x0000000085500000, 0x0000000085600000, 0x0000000085600000|100%| O|  |TAMS 0x0000000085600000, 0x0000000085500000| Untracked 
|  86|0x0000000085600000, 0x0000000085700000, 0x0000000085700000|100%| O|  |TAMS 0x0000000085700000, 0x0000000085600000| Untracked 
|  87|0x0000000085700000, 0x0000000085800000, 0x0000000085800000|100%| O|  |TAMS 0x0000000085800000, 0x0000000085700000| Untracked 
|  88|0x0000000085800000, 0x0000000085900000, 0x0000000085900000|100%| O|  |TAMS 0x0000000085900000, 0x0000000085800000| Untracked 
|  89|0x0000000085900000, 0x0000000085a00000, 0x0000000085a00000|100%| O|  |TAMS 0x0000000085a00000, 0x0000000085900000| Untracked 
|  90|0x0000000085a00000, 0x0000000085b00000, 0x0000000085b00000|100%| O|  |TAMS 0x0000000085b00000, 0x0000000085a00000| Untracked 
|  91|0x0000000085b00000, 0x0000000085c00000, 0x0000000085c00000|100%|HS|  |TAMS 0x0000000085b00000, 0x0000000085b00000| Complete 
|  92|0x0000000085c00000, 0x0000000085d00000, 0x0000000085d00000|100%|HS|  |TAMS 0x0000000085d00000, 0x0000000085c00000| Complete 
|  93|0x0000000085d00000, 0x0000000085e00000, 0x0000000085e00000|100%|HC|  |TAMS 0x0000000085e00000, 0x0000000085d00000| Complete 
|  94|0x0000000085e00000, 0x0000000085f00000, 0x0000000085f00000|100%| O|  |TAMS 0x0000000085e00000, 0x0000000085e00000| Untracked 
|  95|0x0000000085f00000, 0x0000000086000000, 0x0000000086000000|100%| O|  |TAMS 0x0000000085f00000, 0x0000000085f00000| Untracked 
|  96|0x0000000086000000, 0x0000000086100000, 0x0000000086100000|100%| O|  |TAMS 0x0000000086000000, 0x0000000086000000| Untracked 
|  97|0x0000000086100000, 0x0000000086200000, 0x0000000086200000|100%|HS|  |TAMS 0x0000000086100000, 0x0000000086100000| Complete 
|  98|0x0000000086200000, 0x0000000086300000, 0x0000000086300000|100%|HC|  |TAMS 0x0000000086200000, 0x0000000086200000| Complete 
|  99|0x0000000086300000, 0x0000000086400000, 0x0000000086400000|100%|HS|  |TAMS 0x0000000086300000, 0x0000000086300000| Complete 
| 100|0x0000000086400000, 0x0000000086500000, 0x0000000086500000|100%|HS|  |TAMS 0x0000000086400000, 0x0000000086400000| Complete 
| 101|0x0000000086500000, 0x0000000086600000, 0x0000000086600000|100%|HC|  |TAMS 0x0000000086500000, 0x0000000086500000| Complete 
| 102|0x0000000086600000, 0x0000000086700000, 0x0000000086700000|100%|HC|  |TAMS 0x0000000086600000, 0x0000000086600000| Complete 
| 103|0x0000000086700000, 0x0000000086800000, 0x0000000086800000|100%|HC|  |TAMS 0x0000000086700000, 0x0000000086700000| Complete 
| 104|0x0000000086800000, 0x0000000086900000, 0x0000000086900000|100%| O|  |TAMS 0x0000000086800000, 0x0000000086800000| Untracked 
| 105|0x0000000086900000, 0x0000000086a00000, 0x0000000086a00000|100%| O|  |TAMS 0x0000000086900000, 0x0000000086900000| Untracked 
| 106|0x0000000086a00000, 0x0000000086b00000, 0x0000000086b00000|100%| O|  |TAMS 0x0000000086a00000, 0x0000000086a00000| Untracked 
| 107|0x0000000086b00000, 0x0000000086c00000, 0x0000000086c00000|100%| O|  |TAMS 0x0000000086b00000, 0x0000000086b00000| Untracked 
| 108|0x0000000086c00000, 0x0000000086d00000, 0x0000000086d00000|100%| O|  |TAMS 0x0000000086c00000, 0x0000000086c00000| Untracked 
| 109|0x0000000086d00000, 0x0000000086e00000, 0x0000000086e00000|100%| O|  |TAMS 0x0000000086d00000, 0x0000000086d00000| Untracked 
| 110|0x0000000086e00000, 0x0000000086f00000, 0x0000000086f00000|100%| O|  |TAMS 0x0000000086e00000, 0x0000000086e00000| Untracked 
| 111|0x0000000086f00000, 0x0000000087000000, 0x0000000087000000|100%| O|  |TAMS 0x0000000086f00000, 0x0000000086f00000| Untracked 
| 112|0x0000000087000000, 0x0000000087100000, 0x0000000087100000|100%| O|  |TAMS 0x0000000087000000, 0x0000000087000000| Untracked 
| 113|0x0000000087100000, 0x0000000087200000, 0x0000000087200000|100%| O|  |TAMS 0x0000000087100000, 0x0000000087100000| Untracked 
| 114|0x0000000087200000, 0x0000000087300000, 0x0000000087300000|100%| O|  |TAMS 0x0000000087200000, 0x0000000087200000| Untracked 
| 115|0x0000000087300000, 0x0000000087400000, 0x0000000087400000|100%| O|  |TAMS 0x0000000087300000, 0x0000000087300000| Untracked 
| 116|0x0000000087400000, 0x0000000087500000, 0x0000000087500000|100%| O|  |TAMS 0x0000000087400000, 0x0000000087400000| Untracked 
| 117|0x0000000087500000, 0x0000000087600000, 0x0000000087600000|100%| O|  |TAMS 0x0000000087500000, 0x0000000087500000| Untracked 
| 118|0x0000000087600000, 0x0000000087700000, 0x0000000087700000|100%| O|  |TAMS 0x0000000087600000, 0x0000000087600000| Untracked 
| 119|0x0000000087700000, 0x0000000087800000, 0x0000000087800000|100%| O|  |TAMS 0x0000000087700000, 0x0000000087700000| Untracked 
| 120|0x0000000087800000, 0x0000000087900000, 0x0000000087900000|100%| O|  |TAMS 0x0000000087800000, 0x0000000087800000| Untracked 
| 121|0x0000000087900000, 0x0000000087a00000, 0x0000000087a00000|100%| O|  |TAMS 0x0000000087900000, 0x0000000087900000| Untracked 
| 122|0x0000000087a00000, 0x0000000087b00000, 0x0000000087b00000|100%| O|  |TAMS 0x0000000087a00000, 0x0000000087a00000| Untracked 
| 123|0x0000000087b00000, 0x0000000087c00000, 0x0000000087c00000|100%| O|  |TAMS 0x0000000087b00000, 0x0000000087b00000| Untracked 
| 124|0x0000000087c00000, 0x0000000087d00000, 0x0000000087d00000|100%| O|  |TAMS 0x0000000087c00000, 0x0000000087c00000| Untracked 
| 125|0x0000000087d00000, 0x0000000087e00000, 0x0000000087e00000|100%| O|  |TAMS 0x0000000087d00000, 0x0000000087d00000| Untracked 
| 126|0x0000000087e00000, 0x0000000087f00000, 0x0000000087f00000|100%| O|  |TAMS 0x0000000087e00000, 0x0000000087e00000| Untracked 
| 127|0x0000000087f00000, 0x0000000088000000, 0x0000000088000000|100%| O|  |TAMS 0x0000000087f00000, 0x0000000087f00000| Untracked 
| 128|0x0000000088000000, 0x0000000088100000, 0x0000000088100000|100%| O|  |TAMS 0x0000000088000000, 0x0000000088000000| Untracked 
| 129|0x0000000088100000, 0x0000000088200000, 0x0000000088200000|100%| O|  |TAMS 0x0000000088100000, 0x0000000088100000| Untracked 
| 130|0x0000000088200000, 0x0000000088300000, 0x0000000088300000|100%| O|  |TAMS 0x0000000088200000, 0x0000000088200000| Untracked 
| 131|0x0000000088300000, 0x0000000088400000, 0x0000000088400000|100%| O|  |TAMS 0x0000000088300000, 0x0000000088300000| Untracked 
| 132|0x0000000088400000, 0x0000000088500000, 0x0000000088500000|100%| O|  |TAMS 0x0000000088400000, 0x0000000088400000| Untracked 
| 133|0x0000000088500000, 0x0000000088600000, 0x0000000088600000|100%| O|  |TAMS 0x0000000088500000, 0x0000000088500000| Untracked 
| 134|0x0000000088600000, 0x0000000088700000, 0x0000000088700000|100%| O|  |TAMS 0x0000000088600000, 0x0000000088600000| Untracked 
| 135|0x0000000088700000, 0x0000000088800000, 0x0000000088800000|100%| O|  |TAMS 0x0000000088700000, 0x0000000088700000| Untracked 
| 136|0x0000000088800000, 0x0000000088900000, 0x0000000088900000|100%| O|  |TAMS 0x0000000088800000, 0x0000000088800000| Untracked 
| 137|0x0000000088900000, 0x0000000088a00000, 0x0000000088a00000|100%| O|  |TAMS 0x0000000088900000, 0x0000000088900000| Untracked 
| 138|0x0000000088a00000, 0x0000000088b00000, 0x0000000088b00000|100%| O|  |TAMS 0x0000000088a00000, 0x0000000088a00000| Untracked 
| 139|0x0000000088b00000, 0x0000000088c00000, 0x0000000088c00000|100%| O|  |TAMS 0x0000000088b00000, 0x0000000088b00000| Untracked 
| 140|0x0000000088c00000, 0x0000000088d00000, 0x0000000088d00000|100%| O|  |TAMS 0x0000000088c00000, 0x0000000088c00000| Untracked 
| 141|0x0000000088d00000, 0x0000000088e00000, 0x0000000088e00000|100%| O|  |TAMS 0x0000000088d00000, 0x0000000088d00000| Untracked 
| 142|0x0000000088e00000, 0x0000000088f00000, 0x0000000088f00000|100%| O|  |TAMS 0x0000000088e00000, 0x0000000088e00000| Untracked 
| 143|0x0000000088f00000, 0x0000000089000000, 0x0000000089000000|100%| O|  |TAMS 0x0000000088f00000, 0x0000000088f00000| Untracked 
| 144|0x0000000089000000, 0x0000000089100000, 0x0000000089100000|100%| O|  |TAMS 0x0000000089000000, 0x0000000089000000| Untracked 
| 145|0x0000000089100000, 0x0000000089200000, 0x0000000089200000|100%| O|  |TAMS 0x0000000089100000, 0x0000000089100000| Untracked 
| 146|0x0000000089200000, 0x0000000089300000, 0x0000000089300000|100%| O|  |TAMS 0x0000000089200000, 0x0000000089200000| Untracked 
| 147|0x0000000089300000, 0x0000000089400000, 0x0000000089400000|100%| O|  |TAMS 0x0000000089300000, 0x0000000089300000| Untracked 
| 148|0x0000000089400000, 0x0000000089500000, 0x0000000089500000|100%| O|  |TAMS 0x0000000089400000, 0x0000000089400000| Untracked 
| 149|0x0000000089500000, 0x0000000089600000, 0x0000000089600000|100%| O|  |TAMS 0x0000000089500000, 0x0000000089500000| Untracked 
| 150|0x0000000089600000, 0x0000000089700000, 0x0000000089700000|100%| O|  |TAMS 0x0000000089600000, 0x0000000089600000| Untracked 
| 151|0x0000000089700000, 0x0000000089800000, 0x0000000089800000|100%| O|  |TAMS 0x0000000089700000, 0x0000000089700000| Untracked 
| 152|0x0000000089800000, 0x0000000089900000, 0x0000000089900000|100%| O|  |TAMS 0x0000000089800000, 0x0000000089800000| Untracked 
| 153|0x0000000089900000, 0x0000000089a00000, 0x0000000089a00000|100%| O|  |TAMS 0x0000000089900000, 0x0000000089900000| Untracked 
| 154|0x0000000089a00000, 0x0000000089aa1c00, 0x0000000089b00000| 63%| O|  |TAMS 0x0000000089a00000, 0x0000000089a00000| Untracked 
| 155|0x0000000089b00000, 0x0000000089c00000, 0x0000000089c00000|100%|HS|  |TAMS 0x0000000089b00000, 0x0000000089b00000| Complete 
| 156|0x0000000089c00000, 0x0000000089d00000, 0x0000000089d00000|100%|HC|  |TAMS 0x0000000089c00000, 0x0000000089c00000| Complete 
| 157|0x0000000089d00000, 0x0000000089e00000, 0x0000000089e00000|100%|HS|  |TAMS 0x0000000089d00000, 0x0000000089d00000| Complete 
| 158|0x0000000089e00000, 0x0000000089f00000, 0x0000000089f00000|100%|HC|  |TAMS 0x0000000089e00000, 0x0000000089e00000| Complete 
| 159|0x0000000089f00000, 0x0000000089f00000, 0x000000008a000000|  0%| F|  |TAMS 0x0000000089f00000, 0x0000000089f00000| Untracked 
| 160|0x000000008a000000, 0x000000008a000000, 0x000000008a100000|  0%| F|  |TAMS 0x000000008a000000, 0x000000008a000000| Untracked 
| 161|0x000000008a100000, 0x000000008a100000, 0x000000008a200000|  0%| F|  |TAMS 0x000000008a100000, 0x000000008a100000| Untracked 
| 162|0x000000008a200000, 0x000000008a200000, 0x000000008a300000|  0%| F|  |TAMS 0x000000008a200000, 0x000000008a200000| Untracked 
| 163|0x000000008a300000, 0x000000008a300000, 0x000000008a400000|  0%| F|  |TAMS 0x000000008a300000, 0x000000008a300000| Untracked 
| 164|0x000000008a400000, 0x000000008a400000, 0x000000008a500000|  0%| F|  |TAMS 0x000000008a400000, 0x000000008a400000| Untracked 
| 165|0x000000008a500000, 0x000000008a500000, 0x000000008a600000|  0%| F|  |TAMS 0x000000008a500000, 0x000000008a500000| Untracked 
| 166|0x000000008a600000, 0x000000008a600000, 0x000000008a700000|  0%| F|  |TAMS 0x000000008a600000, 0x000000008a600000| Untracked 
| 167|0x000000008a700000, 0x000000008a700000, 0x000000008a800000|  0%| F|  |TAMS 0x000000008a700000, 0x000000008a700000| Untracked 
| 168|0x000000008a800000, 0x000000008a800000, 0x000000008a900000|  0%| F|  |TAMS 0x000000008a800000, 0x000000008a800000| Untracked 
| 169|0x000000008a900000, 0x000000008a900000, 0x000000008aa00000|  0%| F|  |TAMS 0x000000008a900000, 0x000000008a900000| Untracked 
| 170|0x000000008aa00000, 0x000000008aa00000, 0x000000008ab00000|  0%| F|  |TAMS 0x000000008aa00000, 0x000000008aa00000| Untracked 
| 171|0x000000008ab00000, 0x000000008ab00000, 0x000000008ac00000|  0%| F|  |TAMS 0x000000008ab00000, 0x000000008ab00000| Untracked 
| 172|0x000000008ac00000, 0x000000008ac00000, 0x000000008ad00000|  0%| F|  |TAMS 0x000000008ac00000, 0x000000008ac00000| Untracked 
| 173|0x000000008ad00000, 0x000000008ad00000, 0x000000008ae00000|  0%| F|  |TAMS 0x000000008ad00000, 0x000000008ad00000| Untracked 
| 174|0x000000008ae00000, 0x000000008ae00000, 0x000000008af00000|  0%| F|  |TAMS 0x000000008ae00000, 0x000000008ae00000| Untracked 
| 175|0x000000008af00000, 0x000000008af00000, 0x000000008b000000|  0%| F|  |TAMS 0x000000008af00000, 0x000000008af00000| Untracked 
| 176|0x000000008b000000, 0x000000008b000000, 0x000000008b100000|  0%| F|  |TAMS 0x000000008b000000, 0x000000008b000000| Untracked 
| 177|0x000000008b100000, 0x000000008b100000, 0x000000008b200000|  0%| F|  |TAMS 0x000000008b100000, 0x000000008b100000| Untracked 
| 178|0x000000008b200000, 0x000000008b200000, 0x000000008b300000|  0%| F|  |TAMS 0x000000008b200000, 0x000000008b200000| Untracked 
| 179|0x000000008b300000, 0x000000008b300000, 0x000000008b400000|  0%| F|  |TAMS 0x000000008b300000, 0x000000008b300000| Untracked 
| 180|0x000000008b400000, 0x000000008b400000, 0x000000008b500000|  0%| F|  |TAMS 0x000000008b400000, 0x000000008b400000| Untracked 
| 181|0x000000008b500000, 0x000000008b500000, 0x000000008b600000|  0%| F|  |TAMS 0x000000008b500000, 0x000000008b500000| Untracked 
| 182|0x000000008b600000, 0x000000008b600000, 0x000000008b700000|  0%| F|  |TAMS 0x000000008b600000, 0x000000008b600000| Untracked 
| 183|0x000000008b700000, 0x000000008b700000, 0x000000008b800000|  0%| F|  |TAMS 0x000000008b700000, 0x000000008b700000| Untracked 
| 184|0x000000008b800000, 0x000000008b800000, 0x000000008b900000|  0%| F|  |TAMS 0x000000008b800000, 0x000000008b800000| Untracked 
| 185|0x000000008b900000, 0x000000008b900000, 0x000000008ba00000|  0%| F|  |TAMS 0x000000008b900000, 0x000000008b900000| Untracked 
| 186|0x000000008ba00000, 0x000000008bab31a8, 0x000000008bb00000| 69%| S|CS|TAMS 0x000000008ba00000, 0x000000008ba00000| Complete 
| 187|0x000000008bb00000, 0x000000008bc00000, 0x000000008bc00000|100%| S|CS|TAMS 0x000000008bb00000, 0x000000008bb00000| Complete 
| 188|0x000000008bc00000, 0x000000008bc00000, 0x000000008bd00000|  0%| F|  |TAMS 0x000000008bc00000, 0x000000008bc00000| Untracked 
| 189|0x000000008bd00000, 0x000000008bd00000, 0x000000008be00000|  0%| F|  |TAMS 0x000000008bd00000, 0x000000008bd00000| Untracked 
| 190|0x000000008be00000, 0x000000008be00000, 0x000000008bf00000|  0%| F|  |TAMS 0x000000008be00000, 0x000000008be00000| Untracked 
| 191|0x000000008bf00000, 0x000000008bf00000, 0x000000008c000000|  0%| F|  |TAMS 0x000000008bf00000, 0x000000008bf00000| Untracked 
| 192|0x000000008c000000, 0x000000008c000000, 0x000000008c100000|  0%| F|  |TAMS 0x000000008c000000, 0x000000008c000000| Untracked 
| 193|0x000000008c100000, 0x000000008c100000, 0x000000008c200000|  0%| F|  |TAMS 0x000000008c100000, 0x000000008c100000| Untracked 
| 194|0x000000008c200000, 0x000000008c200000, 0x000000008c300000|  0%| F|  |TAMS 0x000000008c200000, 0x000000008c200000| Untracked 
| 195|0x000000008c300000, 0x000000008c300000, 0x000000008c400000|  0%| F|  |TAMS 0x000000008c300000, 0x000000008c300000| Untracked 
| 196|0x000000008c400000, 0x000000008c400000, 0x000000008c500000|  0%| F|  |TAMS 0x000000008c400000, 0x000000008c400000| Untracked 
| 197|0x000000008c500000, 0x000000008c5430b0, 0x000000008c600000| 26%| E|  |TAMS 0x000000008c500000, 0x000000008c500000| Complete 
| 198|0x000000008c600000, 0x000000008c700000, 0x000000008c700000|100%| E|CS|TAMS 0x000000008c600000, 0x000000008c600000| Complete 
| 199|0x000000008c700000, 0x000000008c800000, 0x000000008c800000|100%| E|CS|TAMS 0x000000008c700000, 0x000000008c700000| Complete 
| 200|0x000000008c800000, 0x000000008c900000, 0x000000008c900000|100%| E|CS|TAMS 0x000000008c800000, 0x000000008c800000| Complete 
| 201|0x000000008c900000, 0x000000008ca00000, 0x000000008ca00000|100%| E|CS|TAMS 0x000000008c900000, 0x000000008c900000| Complete 
| 202|0x000000008ca00000, 0x000000008cb00000, 0x000000008cb00000|100%| E|CS|TAMS 0x000000008ca00000, 0x000000008ca00000| Complete 
| 203|0x000000008cb00000, 0x000000008cc00000, 0x000000008cc00000|100%| E|CS|TAMS 0x000000008cb00000, 0x000000008cb00000| Complete 
| 204|0x000000008cc00000, 0x000000008cd00000, 0x000000008cd00000|100%| E|CS|TAMS 0x000000008cc00000, 0x000000008cc00000| Complete 
| 205|0x000000008cd00000, 0x000000008ce00000, 0x000000008ce00000|100%| E|CS|TAMS 0x000000008cd00000, 0x000000008cd00000| Complete 
| 206|0x000000008ce00000, 0x000000008cf00000, 0x000000008cf00000|100%| E|CS|TAMS 0x000000008ce00000, 0x000000008ce00000| Complete 
| 207|0x000000008cf00000, 0x000000008d000000, 0x000000008d000000|100%| E|  |TAMS 0x000000008cf00000, 0x000000008cf00000| Complete 
| 208|0x000000008d000000, 0x000000008d100000, 0x000000008d100000|100%| E|CS|TAMS 0x000000008d000000, 0x000000008d000000| Complete 
| 209|0x000000008d100000, 0x000000008d200000, 0x000000008d200000|100%| E|CS|TAMS 0x000000008d100000, 0x000000008d100000| Complete 
| 210|0x000000008d200000, 0x000000008d300000, 0x000000008d300000|100%| E|CS|TAMS 0x000000008d200000, 0x000000008d200000| Complete 
| 211|0x000000008d300000, 0x000000008d400000, 0x000000008d400000|100%| E|CS|TAMS 0x000000008d300000, 0x000000008d300000| Complete 
| 212|0x000000008d400000, 0x000000008d500000, 0x000000008d500000|100%| E|CS|TAMS 0x000000008d400000, 0x000000008d400000| Complete 
| 213|0x000000008d500000, 0x000000008d600000, 0x000000008d600000|100%| E|CS|TAMS 0x000000008d500000, 0x000000008d500000| Complete 
| 214|0x000000008d600000, 0x000000008d700000, 0x000000008d700000|100%| E|CS|TAMS 0x000000008d600000, 0x000000008d600000| Complete 
| 215|0x000000008d700000, 0x000000008d800000, 0x000000008d800000|100%| E|CS|TAMS 0x000000008d700000, 0x000000008d700000| Complete 
| 216|0x000000008d800000, 0x000000008d900000, 0x000000008d900000|100%| E|CS|TAMS 0x000000008d800000, 0x000000008d800000| Complete 

Card table byte_map: [0x000002bb575c0000,0x000002bb579c0000] _byte_map_base: 0x000002bb571c0000

Marking Bits (Prev, Next): (CMBitMap*) 0x000002bb3e8ea130, (CMBitMap*) 0x000002bb3e8ea170
 Prev Bits: [0x000002bb57dc0000, 0x000002bb59dc0000)
 Next Bits: [0x000002bb59dc0000, 0x000002bb5bdc0000)

Polling page: 0x000002bb3e950000

Metaspace:

Usage:
  Non-class:     81.38 MB used.
      Class:     12.98 MB used.
       Both:     94.37 MB used.

Virtual space:
  Non-class space:      128.00 MB reserved,      81.81 MB ( 64%) committed,  2 nodes.
      Class space:      416.00 MB reserved,      13.38 MB (  3%) committed,  1 nodes.
             Both:      544.00 MB reserved,      95.19 MB ( 17%) committed. 

Chunk freelists:
   Non-Class:  14.08 MB
       Class:  2.45 MB
        Both:  16.52 MB

MaxMetaspaceSize: 512.00 MB
CompressedClassSpaceSize: 416.00 MB
Initial GC threshold: 21.00 MB
Current GC threshold: 134.06 MB
CDS: on
MetaspaceReclaimPolicy: balanced
 - commit_granule_bytes: 65536.
 - commit_granule_words: 8192.
 - virtual_space_node_default_size: 8388608.
 - enlarge_chunks_in_place: 1.
 - new_chunks_are_fully_committed: 0.
 - uncommit_free_chunks: 1.
 - use_allocation_guard: 0.
 - handle_deallocations: 1.


Internal statistics:

num_allocs_failed_limit: 6.
num_arena_births: 1104.
num_arena_deaths: 0.
num_vsnodes_births: 3.
num_vsnodes_deaths: 0.
num_space_committed: 1523.
num_space_uncommitted: 0.
num_chunks_returned_to_freelist: 6.
num_chunks_taken_from_freelist: 5261.
num_chunk_merges: 6.
num_chunk_splits: 3439.
num_chunks_enlarged: 2258.
num_inconsistent_stats: 0.

CodeHeap 'non-profiled nmethods': size=120000Kb used=7639Kb max_used=7639Kb free=112360Kb
 bounds [0x000002bb4f670000, 0x000002bb4fdf0000, 0x000002bb56ba0000]
CodeHeap 'profiled nmethods': size=120000Kb used=23517Kb max_used=25407Kb free=96483Kb
 bounds [0x000002bb47ba0000, 0x000002bb49470000, 0x000002bb4f0d0000]
CodeHeap 'non-nmethods': size=5760Kb used=2408Kb max_used=2480Kb free=3351Kb
 bounds [0x000002bb4f0d0000, 0x000002bb4f340000, 0x000002bb4f670000]
 total_blobs=13224 nmethods=12287 adapters=847
 compilation: enabled
              stopped_count=0, restarted_count=0
 full_count=0

Compilation events (20 events):
Event: 49.298 Thread 0x000002bb5e3e06a0 nmethod 14477 0x000002bb4fc7cb90 code [0x000002bb4fc7cd20, 0x000002bb4fc7cdf8]
Event: 49.298 Thread 0x000002bb5e3e06a0 14480       4       sun.nio.fs.WindowsFileAttributes::lastModifiedTime (8 bytes)
Event: 49.300 Thread 0x000002bb5e3e06a0 nmethod 14480 0x000002bb4fc7c710 code [0x000002bb4fc7c8a0, 0x000002bb4fc7ca28]
Event: 49.300 Thread 0x000002bb5e3e06a0 14467       4       org.gradle.cache.internal.CacheAccessWorker$1::call (10 bytes)
Event: 49.346 Thread 0x000002bb02153df0 nmethod 14470 0x000002bb4f72e610 code [0x000002bb4f72e8c0, 0x000002bb4f730dd0]
Event: 49.347 Thread 0x000002bb02153df0 14468       4       org.gradle.cache.internal.AsyncCacheAccessDecoratedCache$$Lambda$466/0x000002bb6043fcc0::create (12 bytes)
Event: 49.389 Thread 0x000002bb5e3e18f0 14492       3       org.gradle.internal.execution.history.impl.DefaultPreviousExecutionStateSerializer::readInputProperties (75 bytes)
Event: 49.390 Thread 0x000002bb5e3e18f0 nmethod 14492 0x000002bb48f5fb10 code [0x000002bb48f5fde0, 0x000002bb48f60ef8]
Event: 49.396 Thread 0x000002bb5e3e18f0 14493       3       jdk.internal.misc.Unsafe::freeMemory (18 bytes)
Event: 49.396 Thread 0x000002bb5e3e18f0 nmethod 14493 0x000002bb48e86610 code [0x000002bb48e867e0, 0x000002bb48e86ab8]
Event: 49.400 Thread 0x000002bb5e3e18f0 14495       3       org.gradle.internal.snapshot.SnapshotUtil$2::handleAsAncestorOfChild (10 bytes)
Event: 49.401 Thread 0x000002bb5e3e18f0 nmethod 14495 0x000002bb481c3a10 code [0x000002bb481c3c00, 0x000002bb481c41c8]
Event: 49.401 Thread 0x000002bb5e3e18f0 14497       3       org.gradle.internal.execution.history.changes.InputValueChanges::<init> (131 bytes)
Event: 49.403 Thread 0x000002bb5e3e18f0 nmethod 14497 0x000002bb47d97690 code [0x000002bb47d97a00, 0x000002bb47d997e8]
Event: 49.403 Thread 0x000002bb5e3e18f0 14496       3       org.gradle.internal.snapshot.SnapshotUtil$2::handleAsAncestorOfChild (5 bytes)
Event: 49.403 Thread 0x000002bb5e3e18f0 nmethod 14496 0x000002bb484b8010 code [0x000002bb484b81e0, 0x000002bb484b8628]
Event: 49.438 Thread 0x000002bb5e3e18f0 14499       3       sun.nio.fs.NativeBuffer::free (10 bytes)
Event: 49.438 Thread 0x000002bb5e3e18f0 nmethod 14499 0x000002bb49124b10 code [0x000002bb49124ce0, 0x000002bb491250c8]
Event: 49.438 Thread 0x000002bb5e3e18f0 14500       3       sun.nio.fs.NativeBuffer$Deallocator::run (11 bytes)
Event: 49.439 Thread 0x000002bb5e3e18f0 nmethod 14500 0x000002bb49183e90 code [0x000002bb49184060, 0x000002bb49184398]

GC Heap History (20 events):
Event: 38.163 GC heap before
{Heap before GC invocations=41 (full 0):
 garbage-first heap   total 222208K, used 121251K [0x0000000080000000, 0x0000000100000000)
  region size 1024K, 10 young (10240K), 8 survivors (8192K)
 Metaspace       used 83789K, committed 84608K, reserved 557056K
  class space    used 11666K, committed 12032K, reserved 425984K
}
Event: 38.171 GC heap after
{Heap after GC invocations=42 (full 0):
 garbage-first heap   total 222208K, used 119662K [0x0000000080000000, 0x0000000100000000)
  region size 1024K, 1 young (1024K), 1 survivors (1024K)
 Metaspace       used 83789K, committed 84608K, reserved 557056K
  class space    used 11666K, committed 12032K, reserved 425984K
}
Event: 41.517 GC heap before
{Heap before GC invocations=42 (full 0):
 garbage-first heap   total 222208K, used 167790K [0x0000000080000000, 0x0000000100000000)
  region size 1024K, 48 young (49152K), 1 survivors (1024K)
 Metaspace       used 86160K, committed 86976K, reserved 557056K
  class space    used 11958K, committed 12352K, reserved 425984K
}
Event: 41.528 GC heap after
{Heap after GC invocations=43 (full 0):
 garbage-first heap   total 222208K, used 124966K [0x0000000080000000, 0x0000000100000000)
  region size 1024K, 6 young (6144K), 6 survivors (6144K)
 Metaspace       used 86160K, committed 86976K, reserved 557056K
  class space    used 11958K, committed 12352K, reserved 425984K
}
Event: 42.375 GC heap before
{Heap before GC invocations=43 (full 0):
 garbage-first heap   total 222208K, used 173094K [0x0000000080000000, 0x0000000100000000)
  region size 1024K, 51 young (52224K), 6 survivors (6144K)
 Metaspace       used 88951K, committed 89728K, reserved 557056K
  class space    used 12367K, committed 12736K, reserved 425984K
}
Event: 42.397 GC heap after
{Heap after GC invocations=44 (full 0):
 garbage-first heap   total 222208K, used 135294K [0x0000000080000000, 0x0000000100000000)
  region size 1024K, 7 young (7168K), 7 survivors (7168K)
 Metaspace       used 88951K, committed 89728K, reserved 557056K
  class space    used 12367K, committed 12736K, reserved 425984K
}
Event: 43.584 GC heap before
{Heap before GC invocations=44 (full 0):
 garbage-first heap   total 222208K, used 176254K [0x0000000080000000, 0x0000000100000000)
  region size 1024K, 47 young (48128K), 7 survivors (7168K)
 Metaspace       used 92287K, committed 93184K, reserved 557056K
  class space    used 12784K, committed 13248K, reserved 425984K
}
Event: 43.602 GC heap after
{Heap after GC invocations=45 (full 0):
 garbage-first heap   total 222208K, used 140716K [0x0000000080000000, 0x0000000100000000)
  region size 1024K, 5 young (5120K), 5 survivors (5120K)
 Metaspace       used 92287K, committed 93184K, reserved 557056K
  class space    used 12784K, committed 13248K, reserved 425984K
}
Event: 45.119 GC heap before
{Heap before GC invocations=45 (full 0):
 garbage-first heap   total 222208K, used 179628K [0x0000000080000000, 0x0000000100000000)
  region size 1024K, 43 young (44032K), 5 survivors (5120K)
 Metaspace       used 93550K, committed 94464K, reserved 557056K
  class space    used 12939K, committed 13376K, reserved 425984K
}
Event: 45.141 GC heap after
{Heap after GC invocations=46 (full 0):
 garbage-first heap   total 222208K, used 145868K [0x0000000080000000, 0x0000000100000000)
  region size 1024K, 6 young (6144K), 6 survivors (6144K)
 Metaspace       used 93550K, committed 94464K, reserved 557056K
  class space    used 12939K, committed 13376K, reserved 425984K
}
Event: 45.814 GC heap before
{Heap before GC invocations=46 (full 0):
 garbage-first heap   total 222208K, used 181708K [0x0000000080000000, 0x0000000100000000)
  region size 1024K, 41 young (41984K), 6 survivors (6144K)
 Metaspace       used 95315K, committed 96128K, reserved 557056K
  class space    used 13156K, committed 13568K, reserved 425984K
}
Event: 45.834 GC heap after
{Heap after GC invocations=47 (full 0):
 garbage-first heap   total 222208K, used 150650K [0x0000000080000000, 0x0000000100000000)
  region size 1024K, 5 young (5120K), 5 survivors (5120K)
 Metaspace       used 95315K, committed 96128K, reserved 557056K
  class space    used 13156K, committed 13568K, reserved 425984K
}
Event: 46.828 GC heap before
{Heap before GC invocations=47 (full 0):
 garbage-first heap   total 222208K, used 182394K [0x0000000080000000, 0x0000000100000000)
  region size 1024K, 37 young (37888K), 5 survivors (5120K)
 Metaspace       used 95970K, committed 96832K, reserved 557056K
  class space    used 13221K, committed 13632K, reserved 425984K
}
Event: 46.842 GC heap after
{Heap after GC invocations=48 (full 0):
 garbage-first heap   total 222208K, used 152926K [0x0000000080000000, 0x0000000100000000)
  region size 1024K, 3 young (3072K), 3 survivors (3072K)
 Metaspace       used 95970K, committed 96832K, reserved 557056K
  class space    used 13221K, committed 13632K, reserved 425984K
}
Event: 47.880 GC heap before
{Heap before GC invocations=48 (full 0):
 garbage-first heap   total 222208K, used 184670K [0x0000000080000000, 0x0000000100000000)
  region size 1024K, 35 young (35840K), 3 survivors (3072K)
 Metaspace       used 96608K, committed 97472K, reserved 557056K
  class space    used 13293K, committed 13696K, reserved 425984K
}
Event: 47.893 GC heap after
{Heap after GC invocations=49 (full 0):
 garbage-first heap   total 222208K, used 155062K [0x0000000080000000, 0x0000000100000000)
  region size 1024K, 5 young (5120K), 5 survivors (5120K)
 Metaspace       used 96608K, committed 97472K, reserved 557056K
  class space    used 13293K, committed 13696K, reserved 425984K
}
Event: 48.599 GC heap before
{Heap before GC invocations=49 (full 0):
 garbage-first heap   total 222208K, used 186806K [0x0000000080000000, 0x0000000100000000)
  region size 1024K, 37 young (37888K), 5 survivors (5120K)
 Metaspace       used 96612K, committed 97472K, reserved 557056K
  class space    used 13293K, committed 13696K, reserved 425984K
}
Event: 48.611 GC heap after
{Heap after GC invocations=50 (full 0):
 garbage-first heap   total 222208K, used 158214K [0x0000000080000000, 0x0000000100000000)
  region size 1024K, 5 young (5120K), 5 survivors (5120K)
 Metaspace       used 96612K, committed 97472K, reserved 557056K
  class space    used 13293K, committed 13696K, reserved 425984K
}
Event: 49.211 GC heap before
{Heap before GC invocations=50 (full 0):
 garbage-first heap   total 222208K, used 186886K [0x0000000080000000, 0x0000000100000000)
  region size 1024K, 34 young (34816K), 5 survivors (5120K)
 Metaspace       used 96614K, committed 97472K, reserved 557056K
  class space    used 13294K, committed 13696K, reserved 425984K
}
Event: 49.223 GC heap after
{Heap after GC invocations=51 (full 0):
 garbage-first heap   total 222208K, used 159971K [0x0000000080000000, 0x0000000100000000)
  region size 1024K, 2 young (2048K), 2 survivors (2048K)
 Metaspace       used 96614K, committed 97472K, reserved 557056K
  class space    used 13294K, committed 13696K, reserved 425984K
}

Dll operation events (12 events):
Event: 0.009 Loaded shared library C:\Program Files\Microsoft\jdk-17.0.8.101-hotspot\bin\java.dll
Event: 0.033 Loaded shared library C:\Program Files\Microsoft\jdk-17.0.8.101-hotspot\bin\jsvml.dll
Event: 0.101 Loaded shared library C:\Program Files\Microsoft\jdk-17.0.8.101-hotspot\bin\net.dll
Event: 0.103 Loaded shared library C:\Program Files\Microsoft\jdk-17.0.8.101-hotspot\bin\nio.dll
Event: 0.109 Loaded shared library C:\Program Files\Microsoft\jdk-17.0.8.101-hotspot\bin\zip.dll
Event: 0.411 Loaded shared library C:\Program Files\Microsoft\jdk-17.0.8.101-hotspot\bin\jimage.dll
Event: 0.528 Loaded shared library C:\Program Files\Microsoft\jdk-17.0.8.101-hotspot\bin\verify.dll
Event: 0.789 Loaded shared library C:\Users\aminah\.gradle\native\68d5fa5c4cc2d200863cafc0d521ce42e7d3e7ee720ec0a83991735586a16f82\windows-amd64\native-platform.dll
Event: 0.797 Loaded shared library C:\Users\aminah\.gradle\native\e376f236ea51e6404a007f0833ffe2c6e607c4080706a723a18a27aeea778392\windows-amd64\native-platform-file-events.dll
Event: 2.164 Loaded shared library C:\Program Files\Microsoft\jdk-17.0.8.101-hotspot\bin\management.dll
Event: 2.171 Loaded shared library C:\Program Files\Microsoft\jdk-17.0.8.101-hotspot\bin\management_ext.dll
Event: 2.969 Loaded shared library C:\Program Files\Microsoft\jdk-17.0.8.101-hotspot\bin\sunmscapi.dll

Deoptimization events (20 events):
Event: 47.315 Thread 0x000002bb01545720 DEOPT PACKING pc=0x000002bb4f6e0b6c sp=0x000000e2d61f9b60
Event: 47.315 Thread 0x000002bb01545720 DEOPT UNPACKING pc=0x000002bb4f1269a3 sp=0x000000e2d61f9a98 mode 2
Event: 47.348 Thread 0x000002bb01545720 Uncommon trap: trap_request=0xffffffd6 fr.pc=0x000002bb4fdcdafc relative=0x0000000000000dbc
Event: 47.348 Thread 0x000002bb01545720 Uncommon trap: reason=array_check action=maybe_recompile pc=0x000002bb4fdcdafc method=com.google.common.collect.RegularImmutableMap.fromEntryArrayCheckingBucketOverflow(I[Ljava/util/Map$Entry;Z)Lcom/google/common/collect/ImmutableMap; @ 216 c2
Event: 47.348 Thread 0x000002bb01545720 DEOPT PACKING pc=0x000002bb4fdcdafc sp=0x000000e2d61fc560
Event: 47.348 Thread 0x000002bb01545720 DEOPT UNPACKING pc=0x000002bb4f1269a3 sp=0x000000e2d61fc428 mode 2
Event: 47.404 Thread 0x000002bb02ac2a70 Uncommon trap: trap_request=0xffffffd6 fr.pc=0x000002bb4fdcdafc relative=0x0000000000000dbc
Event: 47.404 Thread 0x000002bb02ac2a70 Uncommon trap: reason=array_check action=maybe_recompile pc=0x000002bb4fdcdafc method=com.google.common.collect.RegularImmutableMap.fromEntryArrayCheckingBucketOverflow(I[Ljava/util/Map$Entry;Z)Lcom/google/common/collect/ImmutableMap; @ 216 c2
Event: 47.404 Thread 0x000002bb02ac2a70 DEOPT PACKING pc=0x000002bb4fdcdafc sp=0x000000e2d76fe3f0
Event: 47.404 Thread 0x000002bb02ac2a70 DEOPT UNPACKING pc=0x000002bb4f1269a3 sp=0x000000e2d76fe2b8 mode 2
Event: 49.229 Thread 0x000002bb00f0d080 Uncommon trap: trap_request=0xffffff45 fr.pc=0x000002bb4fa6cd88 relative=0x0000000000003be8
Event: 49.229 Thread 0x000002bb00f0d080 Uncommon trap: reason=unstable_if action=reinterpret pc=0x000002bb4fa6cd88 method=org.gradle.internal.io.StreamByteBuffer.allocateSpace()I @ 9 c2
Event: 49.229 Thread 0x000002bb00f0d080 DEOPT PACKING pc=0x000002bb4fa6cd88 sp=0x000000e2d3bfe510
Event: 49.229 Thread 0x000002bb00f0d080 DEOPT UNPACKING pc=0x000002bb4f1269a3 sp=0x000000e2d3bfe248 mode 2
Event: 49.237 Thread 0x000002bb00f0d080 Uncommon trap: trap_request=0xffffff45 fr.pc=0x000002bb4fc3a354 relative=0x0000000000000154
Event: 49.237 Thread 0x000002bb00f0d080 Uncommon trap: reason=unstable_if action=reinterpret pc=0x000002bb4fc3a354 method=org.gradle.internal.io.StreamByteBuffer.prepareRead()I @ 30 c2
Event: 49.237 Thread 0x000002bb00f0d080 DEOPT PACKING pc=0x000002bb4fc3a354 sp=0x000000e2d3bfe320
Event: 49.237 Thread 0x000002bb00f0d080 DEOPT UNPACKING pc=0x000002bb4f1269a3 sp=0x000000e2d3bfe2d0 mode 2
Event: 49.243 Thread 0x000002bb00f0d080 DEOPT PACKING pc=0x000002bb47d05b62 sp=0x000000e2d3bfe100
Event: 49.243 Thread 0x000002bb00f0d080 DEOPT UNPACKING pc=0x000002bb4f127143 sp=0x000000e2d3bfd5c8 mode 0

Classes unloaded (0 events):
No events

Classes redefined (0 events):
No events

Internal exceptions (20 events):
Event: 47.189 Thread 0x000002bb01541040 Exception <a 'java/lang/ClassNotFoundException'{0x000000008ca56190}: java/io/WriterCustomizer> (0x000000008ca56190) 
thrown [s\src\hotspot\share\classfile\systemDictionary.cpp, line 256]
Event: 47.191 Thread 0x000002bb01541040 Exception <a 'java/lang/ClassNotFoundException'{0x000000008ca65030}: java/io/BufferedWriterCustomizer> (0x000000008ca65030) 
thrown [s\src\hotspot\share\classfile\systemDictionary.cpp, line 256]
Event: 47.247 Thread 0x000002bb01541550 Exception <a 'sun/nio/fs/WindowsException'{0x000000008cad9910}> (0x000000008cad9910) 
thrown [s\src\hotspot\share\prims\jni.cpp, line 516]
Event: 47.250 Thread 0x000002bb01541550 Exception <a 'sun/nio/fs/WindowsException'{0x000000008cadbbd8}> (0x000000008cadbbd8) 
thrown [s\src\hotspot\share\prims\jni.cpp, line 516]
Event: 47.291 Thread 0x000002bb01541550 Exception <a 'sun/nio/fs/WindowsException'{0x000000008c960978}> (0x000000008c960978) 
thrown [s\src\hotspot\share\prims\jni.cpp, line 516]
Event: 47.292 Thread 0x000002bb01541550 Exception <a 'sun/nio/fs/WindowsException'{0x000000008c962cc8}> (0x000000008c962cc8) 
thrown [s\src\hotspot\share\prims\jni.cpp, line 516]
Event: 47.304 Thread 0x000002bb01541550 Exception <a 'sun/nio/fs/WindowsException'{0x000000008c9a52d8}> (0x000000008c9a52d8) 
thrown [s\src\hotspot\share\prims\jni.cpp, line 516]
Event: 47.305 Thread 0x000002bb01541550 Exception <a 'sun/nio/fs/WindowsException'{0x000000008c9a75a8}> (0x000000008c9a75a8) 
thrown [s\src\hotspot\share\prims\jni.cpp, line 516]
Event: 47.312 Thread 0x000002bb01545720 Exception <a 'sun/nio/fs/WindowsException'{0x000000008d2633f8}> (0x000000008d2633f8) 
thrown [s\src\hotspot\share\prims\jni.cpp, line 516]
Event: 47.321 Thread 0x000002bb01545720 Exception <a 'sun/nio/fs/WindowsException'{0x000000008c9cdb80}> (0x000000008c9cdb80) 
thrown [s\src\hotspot\share\prims\jni.cpp, line 516]
Event: 47.321 Thread 0x000002bb01545720 Exception <a 'sun/nio/fs/WindowsException'{0x000000008c9cfa90}> (0x000000008c9cfa90) 
thrown [s\src\hotspot\share\prims\jni.cpp, line 516]
Event: 47.329 Thread 0x000002bb01545720 Exception <a 'sun/nio/fs/WindowsException'{0x000000008c9de710}> (0x000000008c9de710) 
thrown [s\src\hotspot\share\prims\jni.cpp, line 516]
Event: 47.330 Thread 0x000002bb01545720 Exception <a 'sun/nio/fs/WindowsException'{0x000000008c9e0578}> (0x000000008c9e0578) 
thrown [s\src\hotspot\share\prims\jni.cpp, line 516]
Event: 47.335 Thread 0x000002bb01545720 Exception <a 'sun/nio/fs/WindowsException'{0x000000008c9eec98}> (0x000000008c9eec98) 
thrown [s\src\hotspot\share\prims\jni.cpp, line 516]
Event: 47.335 Thread 0x000002bb01545720 Exception <a 'sun/nio/fs/WindowsException'{0x000000008c9f0b50}> (0x000000008c9f0b50) 
thrown [s\src\hotspot\share\prims\jni.cpp, line 516]
Event: 47.344 Thread 0x000002bb01545720 Exception <a 'sun/nio/fs/WindowsException'{0x000000008c801a10}> (0x000000008c801a10) 
thrown [s\src\hotspot\share\prims\jni.cpp, line 516]
Event: 47.345 Thread 0x000002bb01545720 Exception <a 'sun/nio/fs/WindowsException'{0x000000008c803868}> (0x000000008c803868) 
thrown [s\src\hotspot\share\prims\jni.cpp, line 516]
Event: 47.346 Thread 0x000002bb01545720 Exception <a 'sun/nio/fs/WindowsException'{0x000000008c805570}> (0x000000008c805570) 
thrown [s\src\hotspot\share\prims\jni.cpp, line 516]
Event: 47.346 Thread 0x000002bb01545720 Exception <a 'sun/nio/fs/WindowsException'{0x000000008c8073d8}> (0x000000008c8073d8) 
thrown [s\src\hotspot\share\prims\jni.cpp, line 516]
Event: 47.374 Thread 0x000002bb01541550 Exception <a 'java/lang/NoSuchMethodError'{0x000000008c870c40}: static Lcom/android/build/api/variant/BuildConfigField;.<clinit>()V> (0x000000008c870c40) 
thrown [s\src\hotspot\share\prims\jni.cpp, line 1107]

VM Operations (20 events):
Event: 47.178 Executing VM operation: HandshakeAllThreads
Event: 47.178 Executing VM operation: HandshakeAllThreads done
Event: 47.193 Executing VM operation: ICBufferFull
Event: 47.193 Executing VM operation: ICBufferFull done
Event: 47.255 Executing VM operation: HandshakeAllThreads
Event: 47.255 Executing VM operation: HandshakeAllThreads done
Event: 47.261 Executing VM operation: HandshakeAllThreads
Event: 47.261 Executing VM operation: HandshakeAllThreads done
Event: 47.264 Executing VM operation: HandshakeAllThreads
Event: 47.264 Executing VM operation: HandshakeAllThreads done
Event: 47.315 Executing VM operation: HandshakeAllThreads
Event: 47.316 Executing VM operation: HandshakeAllThreads done
Event: 47.356 Executing VM operation: ICBufferFull
Event: 47.357 Executing VM operation: ICBufferFull done
Event: 47.879 Executing VM operation: G1CollectForAllocation
Event: 47.893 Executing VM operation: G1CollectForAllocation done
Event: 48.599 Executing VM operation: G1CollectForAllocation
Event: 48.611 Executing VM operation: G1CollectForAllocation done
Event: 49.211 Executing VM operation: G1CollectForAllocation
Event: 49.224 Executing VM operation: G1CollectForAllocation done

Events (20 events):
Event: 47.372 loading class java/io/ObjectStreamClass$FieldReflectorKey
Event: 47.372 loading class java/io/ObjectStreamClass$FieldReflectorKey done
Event: 47.372 loading class java/io/ObjectStreamClass$FieldReflector
Event: 47.372 loading class java/io/ObjectStreamClass$FieldReflector done
Event: 47.373 loading class java/io/ObjectStreamClass$1
Event: 47.373 loading class java/io/ObjectStreamClass$1 done
Event: 47.373 loading class java/io/ObjectStreamClass$MemberSignature
Event: 47.373 loading class java/io/ObjectStreamClass$MemberSignature done
Event: 47.373 loading class java/io/ObjectStreamClass$3
Event: 47.373 loading class java/io/ObjectStreamClass$3 done
Event: 47.374 loading class java/io/ObjectStreamClass$4
Event: 47.374 loading class java/io/ObjectStreamClass$4 done
Event: 47.374 loading class java/io/ObjectStreamClass$5
Event: 47.374 loading class java/io/ObjectStreamClass$5 done
Event: 47.375 loading class java/io/ObjectStreamClass$ClassDataSlot
Event: 47.375 loading class java/io/ObjectStreamClass$ClassDataSlot done
Event: 47.375 loading class jdk/internal/reflect/UnsafeQualifiedStaticLongFieldAccessorImpl
Event: 47.375 loading class jdk/internal/reflect/UnsafeQualifiedStaticLongFieldAccessorImpl done
Event: 48.520 Thread 0x000002bb02155dd0 Thread exited: 0x000002bb02155dd0
Event: 48.556 Thread 0x000002bb02153df0 Thread added: 0x000002bb02153df0


Dynamic libraries:
0x00007ff634300000 - 0x00007ff63430e000 	C:\Program Files\Microsoft\jdk-17.0.8.101-hotspot\bin\java.exe
0x00007ff88ff30000 - 0x00007ff890128000 	C:\Windows\SYSTEM32\ntdll.dll
0x00007ff88e2b0000 - 0x00007ff88e36f000 	C:\Windows\System32\KERNEL32.DLL
0x00007ff88d830000 - 0x00007ff88db26000 	C:\Windows\System32\KERNELBASE.dll
0x00007ff88d610000 - 0x00007ff88d710000 	C:\Windows\System32\ucrtbase.dll
0x00007ff86cf70000 - 0x00007ff86cf8b000 	C:\Program Files\Microsoft\jdk-17.0.8.101-hotspot\bin\VCRUNTIME140.dll
0x00007ff86cf10000 - 0x00007ff86cf27000 	C:\Program Files\Microsoft\jdk-17.0.8.101-hotspot\bin\jli.dll
0x00007ff88ec40000 - 0x00007ff88eddd000 	C:\Windows\System32\USER32.dll
0x00007ff87be90000 - 0x00007ff87c12a000 	C:\Windows\WinSxS\amd64_microsoft.windows.common-controls_6595b64144ccf1df_6.0.19041.1110_none_60b5254171f9507e\COMCTL32.dll
0x00007ff88e1f0000 - 0x00007ff88e28e000 	C:\Windows\System32\msvcrt.dll
0x00007ff88dbd0000 - 0x00007ff88dbf2000 	C:\Windows\System32\win32u.dll
0x00007ff88f430000 - 0x00007ff88f45c000 	C:\Windows\System32\GDI32.dll
0x00007ff88d710000 - 0x00007ff88d825000 	C:\Windows\System32\gdi32full.dll
0x00007ff88def0000 - 0x00007ff88df8d000 	C:\Windows\System32\msvcp_win.dll
0x00007ff88e1c0000 - 0x00007ff88e1f0000 	C:\Windows\System32\IMM32.DLL
0x00007ff874b50000 - 0x00007ff874b5c000 	C:\Program Files\Microsoft\jdk-17.0.8.101-hotspot\bin\vcruntime140_1.dll
0x00007ff8560e0000 - 0x00007ff85616d000 	C:\Program Files\Microsoft\jdk-17.0.8.101-hotspot\bin\msvcp140.dll
0x00007ff83cc60000 - 0x00007ff83d8c5000 	C:\Program Files\Microsoft\jdk-17.0.8.101-hotspot\bin\server\jvm.dll
0x00007ff88eb90000 - 0x00007ff88ec3f000 	C:\Windows\System32\ADVAPI32.dll
0x00007ff88ede0000 - 0x00007ff88ee7c000 	C:\Windows\System32\sechost.dll
0x00007ff88f880000 - 0x00007ff88f9a6000 	C:\Windows\System32\RPCRT4.dll
0x00007ff88cb80000 - 0x00007ff88cbcb000 	C:\Windows\SYSTEM32\POWRPROF.dll
0x00007ff889880000 - 0x00007ff889889000 	C:\Windows\SYSTEM32\WSOCK32.dll
0x00007ff88e370000 - 0x00007ff88e3db000 	C:\Windows\System32\WS2_32.dll
0x00007ff87f1e0000 - 0x00007ff87f1ea000 	C:\Windows\SYSTEM32\VERSION.dll
0x00007ff881cb0000 - 0x00007ff881cd7000 	C:\Windows\SYSTEM32\WINMM.dll
0x00007ff88ca40000 - 0x00007ff88ca52000 	C:\Windows\SYSTEM32\UMPDC.dll
0x00007ff88b4c0000 - 0x00007ff88b4d2000 	C:\Windows\SYSTEM32\kernel.appcore.dll
0x00007ff874280000 - 0x00007ff87428a000 	C:\Program Files\Microsoft\jdk-17.0.8.101-hotspot\bin\jimage.dll
0x00007ff87d5e0000 - 0x00007ff87d7c4000 	C:\Windows\SYSTEM32\DBGHELP.DLL
0x00007ff87d490000 - 0x00007ff87d4c4000 	C:\Windows\SYSTEM32\dbgcore.DLL
0x00007ff88de60000 - 0x00007ff88dee2000 	C:\Windows\System32\bcryptPrimitives.dll
0x00007ff844820000 - 0x00007ff844845000 	C:\Program Files\Microsoft\jdk-17.0.8.101-hotspot\bin\java.dll
0x00007ff83ef80000 - 0x00007ff83f057000 	C:\Program Files\Microsoft\jdk-17.0.8.101-hotspot\bin\jsvml.dll
0x00007ff88e440000 - 0x00007ff88eb84000 	C:\Windows\System32\SHELL32.dll
0x00007ff88b6c0000 - 0x00007ff88be53000 	C:\Windows\SYSTEM32\windows.storage.dll
0x00007ff88fa80000 - 0x00007ff88fdd4000 	C:\Windows\System32\combase.dll
0x00007ff88d060000 - 0x00007ff88d08e000 	C:\Windows\SYSTEM32\Wldp.dll
0x00007ff88f770000 - 0x00007ff88f81d000 	C:\Windows\System32\SHCORE.dll
0x00007ff88fe90000 - 0x00007ff88fee5000 	C:\Windows\System32\shlwapi.dll
0x00007ff88d550000 - 0x00007ff88d56f000 	C:\Windows\SYSTEM32\profapi.dll
0x00007ff868170000 - 0x00007ff868189000 	C:\Program Files\Microsoft\jdk-17.0.8.101-hotspot\bin\net.dll
0x00007ff885550000 - 0x00007ff88565a000 	C:\Windows\SYSTEM32\WINHTTP.dll
0x00007ff88cdc0000 - 0x00007ff88ce2a000 	C:\Windows\system32\mswsock.dll
0x00007ff85c900000 - 0x00007ff85c916000 	C:\Program Files\Microsoft\jdk-17.0.8.101-hotspot\bin\nio.dll
0x00007ff844800000 - 0x00007ff844818000 	C:\Program Files\Microsoft\jdk-17.0.8.101-hotspot\bin\zip.dll
0x00007ff873c20000 - 0x00007ff873c30000 	C:\Program Files\Microsoft\jdk-17.0.8.101-hotspot\bin\verify.dll
0x00007ff856300000 - 0x00007ff856327000 	C:\Users\aminah\.gradle\native\68d5fa5c4cc2d200863cafc0d521ce42e7d3e7ee720ec0a83991735586a16f82\windows-amd64\native-platform.dll
0x00007ff83ee30000 - 0x00007ff83ef74000 	C:\Users\aminah\.gradle\native\e376f236ea51e6404a007f0833ffe2c6e607c4080706a723a18a27aeea778392\windows-amd64\native-platform-file-events.dll
0x00007ff873b90000 - 0x00007ff873b99000 	C:\Program Files\Microsoft\jdk-17.0.8.101-hotspot\bin\management.dll
0x00007ff8739a0000 - 0x00007ff8739ab000 	C:\Program Files\Microsoft\jdk-17.0.8.101-hotspot\bin\management_ext.dll
0x00007ff88f670000 - 0x00007ff88f678000 	C:\Windows\System32\PSAPI.DLL
0x00007ff88cfb0000 - 0x00007ff88cfc8000 	C:\Windows\SYSTEM32\CRYPTSP.dll
0x00007ff88c670000 - 0x00007ff88c6a4000 	C:\Windows\system32\rsaenh.dll
0x00007ff88db30000 - 0x00007ff88db57000 	C:\Windows\System32\bcrypt.dll
0x00007ff88d510000 - 0x00007ff88d53e000 	C:\Windows\SYSTEM32\USERENV.dll
0x00007ff88cfd0000 - 0x00007ff88cfdc000 	C:\Windows\SYSTEM32\CRYPTBASE.dll
0x00007ff88ca60000 - 0x00007ff88ca9c000 	C:\Windows\SYSTEM32\IPHLPAPI.DLL
0x00007ff88f660000 - 0x00007ff88f668000 	C:\Windows\System32\NSI.dll
0x00007ff886900000 - 0x00007ff886917000 	C:\Windows\SYSTEM32\dhcpcsvc6.DLL
0x00007ff886850000 - 0x00007ff88686d000 	C:\Windows\SYSTEM32\dhcpcsvc.DLL
0x00007ff88cab0000 - 0x00007ff88cb7a000 	C:\Windows\SYSTEM32\DNSAPI.dll
0x00007ff873150000 - 0x00007ff87315e000 	C:\Program Files\Microsoft\jdk-17.0.8.101-hotspot\bin\sunmscapi.dll
0x00007ff88dc00000 - 0x00007ff88dd5e000 	C:\Windows\System32\CRYPT32.dll
0x00007ff88d0d0000 - 0x00007ff88d0f8000 	C:\Windows\SYSTEM32\ncrypt.dll
0x00007ff88d090000 - 0x00007ff88d0cb000 	C:\Windows\SYSTEM32\NTASN1.dll
0x00007ff87c4b0000 - 0x00007ff87c4b7000 	C:\Windows\system32\wshunix.dll
0x00007ff8731a0000 - 0x00007ff8731b7000 	C:\Windows\system32\napinsp.dll
0x00007ff873180000 - 0x00007ff87319b000 	C:\Windows\system32\pnrpnsp.dll
0x00007ff8762e0000 - 0x00007ff8762f5000 	C:\Windows\system32\wshbth.dll
0x00007ff88a970000 - 0x00007ff88a98d000 	C:\Windows\system32\NLAapi.dll
0x00007ff873ba0000 - 0x00007ff873bb2000 	C:\Windows\System32\winrnr.dll
0x00007ff8840a0000 - 0x00007ff8840aa000 	C:\Windows\System32\rasadhlp.dll
0x00007ff884b00000 - 0x00007ff884b82000 	C:\Windows\System32\fwpuclnt.dll

dbghelp: loaded successfully - version: 4.0.5 - missing functions: none
symbol engine: initialized successfully - sym options: 0x614 - pdb path: .;C:\Program Files\Microsoft\jdk-17.0.8.101-hotspot\bin;C:\Windows\SYSTEM32;C:\Windows\WinSxS\amd64_microsoft.windows.common-controls_6595b64144ccf1df_6.0.19041.1110_none_60b5254171f9507e;C:\Program Files\Microsoft\jdk-17.0.8.101-hotspot\bin\server;C:\Users\aminah\.gradle\native\68d5fa5c4cc2d200863cafc0d521ce42e7d3e7ee720ec0a83991735586a16f82\windows-amd64;C:\Users\aminah\.gradle\native\e376f236ea51e6404a007f0833ffe2c6e607c4080706a723a18a27aeea778392\windows-amd64

VM Arguments:
jvm_args: -XX:MaxMetaspaceSize=512m --add-opens=java.base/java.util=ALL-UNNAMED --add-opens=java.base/java.lang=ALL-UNNAMED --add-opens=java.base/java.lang.invoke=ALL-UNNAMED --add-opens=java.prefs/java.util.prefs=ALL-UNNAMED --add-opens=java.base/java.nio.charset=ALL-UNNAMED --add-opens=java.base/java.net=ALL-UNNAMED --add-opens=java.base/java.util.concurrent.atomic=ALL-UNNAMED -Xmx2048m -Dfile.encoding=windows-1252 -Duser.country=ID -Duser.language=en -Duser.variant 
java_command: org.gradle.launcher.daemon.bootstrap.GradleDaemon 8.0.1
java_class_path (initial): C:\Users\aminah\.gradle\wrapper\dists\gradle-8.0.1-all\aro4hu1c3oeioove7l0i4i14o\gradle-8.0.1\lib\gradle-launcher-8.0.1.jar
Launcher Type: SUN_STANDARD

[Global flags]
     intx CICompilerCount                          = 3                                         {product} {ergonomic}
   size_t CompressedClassSpaceSize                 = 436207616                                 {product} {ergonomic}
     uint ConcGCThreads                            = 1                                         {product} {ergonomic}
     uint G1ConcRefinementThreads                  = 4                                         {product} {ergonomic}
   size_t G1HeapRegionSize                         = 1048576                                   {product} {ergonomic}
    uintx GCDrainStackTargetSize                   = 64                                        {product} {ergonomic}
   size_t InitialHeapSize                          = 127926272                                 {product} {ergonomic}
   size_t MarkStackSize                            = 4194304                                   {product} {ergonomic}
   size_t MaxHeapSize                              = 2147483648                                {product} {command line}
   size_t MaxMetaspaceSize                         = 536870912                                 {product} {command line}
   size_t MaxNewSize                               = 1287651328                                {product} {ergonomic}
   size_t MinHeapDeltaBytes                        = 1048576                                   {product} {ergonomic}
   size_t MinHeapSize                              = 8388608                                   {product} {ergonomic}
    uintx NonNMethodCodeHeapSize                   = 5832780                                {pd product} {ergonomic}
    uintx NonProfiledCodeHeapSize                  = 122912730                              {pd product} {ergonomic}
    uintx ProfiledCodeHeapSize                     = 122912730                              {pd product} {ergonomic}
    uintx ReservedCodeCacheSize                    = 251658240                              {pd product} {ergonomic}
     bool SegmentedCodeCache                       = true                                      {product} {ergonomic}
   size_t SoftMaxHeapSize                          = 2147483648                             {manageable} {ergonomic}
     bool UseCompressedClassPointers               = true                           {product lp64_product} {ergonomic}
     bool UseCompressedOops                        = true                           {product lp64_product} {ergonomic}
     bool UseG1GC                                  = true                                      {product} {ergonomic}
     bool UseLargePagesIndividualAllocation        = false                                  {pd product} {ergonomic}

Logging:
Log output configuration:
 #0: stdout all=warning uptime,level,tags
 #1: stderr all=off uptime,level,tags

Environment Variables:
JAVA_HOME=C:\Program Files\Microsoft\jdk-17.0.8.101-hotspot\
CLASSPATH=C:\Users\aminah\Taufikmobile\android\\gradle\wrapper\gradle-wrapper.jar
PATH=C:\Users\aminah\AppData\Local\Temp\yarn--1703654055791-0.9921140418871346;C:\Users\aminah\Taufikmobile\node_modules\.bin;C:\Users\aminah\AppData\Local\Yarn\Data\link\node_modules\.bin;C:\Users\aminah\AppData\Local\Yarn\bin;C:\Program Files\libexec\lib\node_modules\npm\bin\node-gyp-bin;C:\Program Files\lib\node_modules\npm\bin\node-gyp-bin;C:\Program Files\nodejs\node_modules\npm\bin\node-gyp-bin;C:\Program Files\Microsoft\jdk-17.0.8.101-hotspot\bin;C:\Windows\system32;C:\Windows;C:\Windows\System32\Wbem;C:\Windows\System32\WindowsPowerShell\v1.0\;C:\Windows\System32\OpenSSH\;C:\Program Files\nodejs\;C:\Android\cmdline-tools\latest\bin;C:\Android\platform-tools;C:\Program Files\Git\cmd;C:\Users\aminah\AppData\Local\Microsoft\WindowsApps;C:\Users\aminah\AppData\Roaming\npm;C:\Program Files\scrcpy;C:\Users\aminah\AppData\Local\Programs\Microsoft VS Code\bin
USERNAME=aminah
LANG=en_US.UTF-8
OS=Windows_NT
PROCESSOR_IDENTIFIER=Intel64 Family 6 Model 42 Stepping 7, GenuineIntel
TMP=C:\Users\aminah\AppData\Local\Temp
TEMP=C:\Users\aminah\AppData\Local\Temp



---------------  S Y S T E M  ---------------

OS:
 Windows 10 , 64 bit Build 19041 (10.0.19041.3031)
OS uptime: 0 days 20:22 hours

CPU: total 4 (initial active 4) (2 cores per cpu, 2 threads per core) family 6 model 42 stepping 7 microcode 0x2f, cx8, cmov, fxsr, ht, mmx, sse, sse2, sse3, ssse3, sse4.1, sse4.2, popcnt, tsc, tscinvbit, avx, aes, clmul, vzeroupper, clflush
Processor Information for all 4 processors :
  Max Mhz: 2501, Current Mhz: 2501, Mhz Limit: 2501

Memory: 4k page, system-wide physical 7764M (1200M free)
TotalPageFile size 8980M (AvailPageFile size 975M)
current process WorkingSet (physical memory assigned to process): 514M, peak: 517M
current process commit charge ("private bytes"): 552M, peak: 561M

vm_info: OpenJDK 64-Bit Server VM (17.0.8.1+1-LTS) for windows-amd64 JRE (17.0.8.1+1-LTS), built on Aug 23 2023 17:38:52 by "MicrosoftCorporation" with MS VC++ 16.10 / 16.11 (VS2019)

END.
